02:01:44 INFO device=cuda out_dir=runs\20260622_020144_segformer_b2 smoke=False
02:01:46 INFO train=5604 val=622 batches/epoch=1401
02:02:45 INFO epoch 0 step 50/1401 loss 0.8299 lr 1.07e-06
02:02:57 INFO epoch 0 step 100/1401 loss 0.8245 lr 2.14e-06
02:03:09 INFO epoch 0 step 150/1401 loss 0.8236 lr 3.21e-06
02:03:21 INFO epoch 0 step 200/1401 loss 0.8171 lr 4.28e-06
02:03:32 INFO epoch 0 step 250/1401 loss 0.8053 lr 5.35e-06
02:03:44 INFO epoch 0 step 300/1401 loss 0.7946 lr 6.42e-06
02:03:56 INFO epoch 0 step 350/1401 loss 0.7776 lr 7.49e-06
02:04:08 INFO epoch 0 step 400/1401 loss 0.7584 lr 8.57e-06
02:04:19 INFO epoch 0 step 450/1401 loss 0.7360 lr 9.64e-06
02:04:31 INFO epoch 0 step 500/1401 loss 0.7191 lr 1.07e-05
02:04:43 INFO epoch 0 step 550/1401 loss 0.6887 lr 1.18e-05
02:04:55 INFO epoch 0 step 600/1401 loss 0.6620 lr 1.28e-05
02:05:07 INFO epoch 0 step 650/1401 loss 0.6318 lr 1.39e-05
02:05:18 INFO epoch 0 step 700/1401 loss 0.5977 lr 1.50e-05
02:05:30 INFO epoch 0 step 750/1401 loss 0.5940 lr 1.61e-05
02:05:42 INFO epoch 0 step 800/1401 loss 0.5624 lr 1.71e-05
02:05:54 INFO epoch 0 step 850/1401 loss 0.5289 lr 1.82e-05
02:06:07 INFO epoch 0 step 900/1401 loss 0.5347 lr 1.93e-05
02:06:19 INFO epoch 0 step 950/1401 loss 0.5069 lr 2.03e-05
02:06:31 INFO epoch 0 step 1000/1401 loss 0.4860 lr 2.14e-05
02:06:43 INFO epoch 0 step 1050/1401 loss 0.4675 lr 2.25e-05
02:06:55 INFO epoch 0 step 1100/1401 loss 0.4671 lr 2.36e-05
02:07:07 INFO epoch 0 step 1150/1401 loss 0.4456 lr 2.46e-05
02:07:18 INFO epoch 0 step 1200/1401 loss 0.4402 lr 2.57e-05
02:07:30 INFO epoch 0 step 1250/1401 loss 0.4353 lr 2.68e-05
02:07:42 INFO epoch 0 step 1300/1401 loss 0.3982 lr 2.78e-05
02:07:54 INFO epoch 0 step 1350/1401 loss 0.3815 lr 2.89e-05
02:08:06 INFO epoch 0 step 1400/1401 loss 0.3948 lr 3.00e-05
02:08:50 INFO == epoch 0 val: iou=0.3648 dice=0.5346
02:08:50 INFO   new best iou=0.3648 -> best.pth
02:09:32 INFO epoch 1 step 50/1401 loss 0.4057 lr 3.11e-05
02:09:44 INFO epoch 1 step 100/1401 loss 0.3752 lr 3.21e-05
02:09:56 INFO epoch 1 step 150/1401 loss 0.3957 lr 3.32e-05
02:10:08 INFO epoch 1 step 200/1401 loss 0.3635 lr 3.43e-05
02:10:19 INFO epoch 1 step 250/1401 loss 0.3649 lr 3.54e-05
02:10:31 INFO epoch 1 step 300/1401 loss 0.3791 lr 3.64e-05
02:10:43 INFO epoch 1 step 350/1401 loss 0.3697 lr 3.75e-05
02:10:55 INFO epoch 1 step 400/1401 loss 0.3810 lr 3.86e-05
02:11:07 INFO epoch 1 step 450/1401 loss 0.3831 lr 3.96e-05
02:11:18 INFO epoch 1 step 500/1401 loss 0.3474 lr 4.07e-05
02:11:30 INFO epoch 1 step 550/1401 loss 0.3530 lr 4.18e-05
02:11:42 INFO epoch 1 step 600/1401 loss 0.3690 lr 4.28e-05
02:11:54 INFO epoch 1 step 650/1401 loss 0.3661 lr 4.39e-05
02:12:06 INFO epoch 1 step 700/1401 loss 0.3911 lr 4.50e-05
02:12:17 INFO epoch 1 step 750/1401 loss 0.3456 lr 4.61e-05
02:12:29 INFO epoch 1 step 800/1401 loss 0.3503 lr 4.71e-05
02:12:41 INFO epoch 1 step 850/1401 loss 0.3445 lr 4.82e-05
02:12:53 INFO epoch 1 step 900/1401 loss 0.3381 lr 4.93e-05
02:13:05 INFO epoch 1 step 950/1401 loss 0.3362 lr 5.03e-05
02:13:16 INFO epoch 1 step 1000/1401 loss 0.3480 lr 5.14e-05
02:13:28 INFO epoch 1 step 1050/1401 loss 0.3379 lr 5.25e-05
02:13:40 INFO epoch 1 step 1100/1401 loss 0.3476 lr 5.36e-05
02:13:52 INFO epoch 1 step 1150/1401 loss 0.3467 lr 5.46e-05
02:14:04 INFO epoch 1 step 1200/1401 loss 0.3626 lr 5.57e-05
02:14:15 INFO epoch 1 step 1250/1401 loss 0.3566 lr 5.68e-05
02:14:27 INFO epoch 1 step 1300/1401 loss 0.3457 lr 5.78e-05
02:14:39 INFO epoch 1 step 1350/1401 loss 0.3356 lr 5.89e-05
02:14:51 INFO epoch 1 step 1400/1401 loss 0.3553 lr 6.00e-05
02:15:32 INFO == epoch 1 val: iou=0.3977 dice=0.5691
02:15:32 INFO   new best iou=0.3977 -> best.pth
02:16:13 INFO epoch 2 step 50/1401 loss 0.3349 lr 6.00e-05
02:16:25 INFO epoch 2 step 100/1401 loss 0.3288 lr 6.00e-05
02:16:37 INFO epoch 2 step 150/1401 loss 0.3480 lr 6.00e-05
02:16:49 INFO epoch 2 step 200/1401 loss 0.3132 lr 6.00e-05
02:17:00 INFO epoch 2 step 250/1401 loss 0.3362 lr 6.00e-05
02:17:12 INFO epoch 2 step 300/1401 loss 0.3272 lr 6.00e-05
02:17:24 INFO epoch 2 step 350/1401 loss 0.3176 lr 6.00e-05
02:17:36 INFO epoch 2 step 400/1401 loss 0.3149 lr 6.00e-05
02:17:48 INFO epoch 2 step 450/1401 loss 0.3400 lr 6.00e-05
02:17:59 INFO epoch 2 step 500/1401 loss 0.3316 lr 6.00e-05
02:18:11 INFO epoch 2 step 550/1401 loss 0.3164 lr 6.00e-05
02:18:23 INFO epoch 2 step 600/1401 loss 0.3043 lr 6.00e-05
02:18:35 INFO epoch 2 step 650/1401 loss 0.3456 lr 6.00e-05
02:18:47 INFO epoch 2 step 700/1401 loss 0.3178 lr 6.00e-05
02:18:58 INFO epoch 2 step 750/1401 loss 0.3093 lr 6.00e-05
02:19:10 INFO epoch 2 step 800/1401 loss 0.3490 lr 6.00e-05
02:19:22 INFO epoch 2 step 850/1401 loss 0.3308 lr 6.00e-05
02:19:34 INFO epoch 2 step 900/1401 loss 0.3098 lr 6.00e-05
02:19:46 INFO epoch 2 step 950/1401 loss 0.3123 lr 6.00e-05
02:19:57 INFO epoch 2 step 1000/1401 loss 0.3219 lr 5.99e-05
02:20:09 INFO epoch 2 step 1050/1401 loss 0.3045 lr 5.99e-05
02:20:21 INFO epoch 2 step 1100/1401 loss 0.3283 lr 5.99e-05
02:20:33 INFO epoch 2 step 1150/1401 loss 0.3294 lr 5.99e-05
02:20:45 INFO epoch 2 step 1200/1401 loss 0.3020 lr 5.99e-05
02:20:56 INFO epoch 2 step 1250/1401 loss 0.3358 lr 5.99e-05
02:21:08 INFO epoch 2 step 1300/1401 loss 0.3286 lr 5.99e-05
02:21:20 INFO epoch 2 step 1350/1401 loss 0.3161 lr 5.99e-05
02:21:32 INFO epoch 2 step 1400/1401 loss 0.3075 lr 5.99e-05
02:22:13 INFO == epoch 2 val: iou=0.4464 dice=0.6173
02:22:13 INFO   new best iou=0.4464 -> best.pth
02:22:54 INFO epoch 3 step 50/1401 loss 0.3044 lr 5.99e-05
02:23:06 INFO epoch 3 step 100/1401 loss 0.3234 lr 5.99e-05
02:23:18 INFO epoch 3 step 150/1401 loss 0.3202 lr 5.99e-05
02:23:30 INFO epoch 3 step 200/1401 loss 0.3311 lr 5.99e-05
02:23:41 INFO epoch 3 step 250/1401 loss 0.3188 lr 5.99e-05
02:23:53 INFO epoch 3 step 300/1401 loss 0.3216 lr 5.98e-05
02:24:05 INFO epoch 3 step 350/1401 loss 0.3336 lr 5.98e-05
02:24:17 INFO epoch 3 step 400/1401 loss 0.3314 lr 5.98e-05
02:24:29 INFO epoch 3 step 450/1401 loss 0.2876 lr 5.98e-05
02:24:41 INFO epoch 3 step 500/1401 loss 0.3027 lr 5.98e-05
02:24:52 INFO epoch 3 step 550/1401 loss 0.2988 lr 5.98e-05
02:25:04 INFO epoch 3 step 600/1401 loss 0.2941 lr 5.98e-05
02:25:16 INFO epoch 3 step 650/1401 loss 0.3051 lr 5.98e-05
02:25:28 INFO epoch 3 step 700/1401 loss 0.2952 lr 5.98e-05
02:25:40 INFO epoch 3 step 750/1401 loss 0.3358 lr 5.98e-05
02:25:51 INFO epoch 3 step 800/1401 loss 0.3062 lr 5.97e-05
02:26:03 INFO epoch 3 step 850/1401 loss 0.3360 lr 5.97e-05
02:26:15 INFO epoch 3 step 900/1401 loss 0.3184 lr 5.97e-05
02:26:27 INFO epoch 3 step 950/1401 loss 0.3420 lr 5.97e-05
02:26:39 INFO epoch 3 step 1000/1401 loss 0.2761 lr 5.97e-05
02:26:51 INFO epoch 3 step 1050/1401 loss 0.3248 lr 5.97e-05
02:27:02 INFO epoch 3 step 1100/1401 loss 0.3138 lr 5.97e-05
02:27:14 INFO epoch 3 step 1150/1401 loss 0.3061 lr 5.97e-05
02:27:26 INFO epoch 3 step 1200/1401 loss 0.3006 lr 5.96e-05
02:27:38 INFO epoch 3 step 1250/1401 loss 0.3157 lr 5.96e-05
02:27:50 INFO epoch 3 step 1300/1401 loss 0.3005 lr 5.96e-05
02:28:01 INFO epoch 3 step 1350/1401 loss 0.3039 lr 5.96e-05
02:28:13 INFO epoch 3 step 1400/1401 loss 0.3190 lr 5.96e-05
02:28:54 INFO == epoch 3 val: iou=0.4570 dice=0.6273
02:28:54 INFO   new best iou=0.4570 -> best.pth
02:29:35 INFO epoch 4 step 50/1401 loss 0.3114 lr 5.96e-05
02:29:47 INFO epoch 4 step 100/1401 loss 0.3092 lr 5.96e-05
02:29:59 INFO epoch 4 step 150/1401 loss 0.3248 lr 5.95e-05
02:30:11 INFO epoch 4 step 200/1401 loss 0.2942 lr 5.95e-05
02:30:23 INFO epoch 4 step 250/1401 loss 0.3106 lr 5.95e-05
02:30:34 INFO epoch 4 step 300/1401 loss 0.3055 lr 5.95e-05
02:30:46 INFO epoch 4 step 350/1401 loss 0.3104 lr 5.95e-05
02:30:58 INFO epoch 4 step 400/1401 loss 0.3027 lr 5.95e-05
02:31:10 INFO epoch 4 step 450/1401 loss 0.3182 lr 5.94e-05
02:31:22 INFO epoch 4 step 500/1401 loss 0.2969 lr 5.94e-05
02:31:33 INFO epoch 4 step 550/1401 loss 0.3065 lr 5.94e-05
02:31:45 INFO epoch 4 step 600/1401 loss 0.3242 lr 5.94e-05
02:31:57 INFO epoch 4 step 650/1401 loss 0.2988 lr 5.94e-05
02:32:09 INFO epoch 4 step 700/1401 loss 0.3024 lr 5.94e-05
02:32:21 INFO epoch 4 step 750/1401 loss 0.3151 lr 5.93e-05
02:32:32 INFO epoch 4 step 800/1401 loss 0.3216 lr 5.93e-05
02:32:44 INFO epoch 4 step 850/1401 loss 0.2845 lr 5.93e-05
02:32:56 INFO epoch 4 step 900/1401 loss 0.2941 lr 5.93e-05
02:33:08 INFO epoch 4 step 950/1401 loss 0.2913 lr 5.93e-05
02:33:20 INFO epoch 4 step 1000/1401 loss 0.2981 lr 5.92e-05
02:33:32 INFO epoch 4 step 1050/1401 loss 0.2731 lr 5.92e-05
02:33:43 INFO epoch 4 step 1100/1401 loss 0.2947 lr 5.92e-05
02:33:55 INFO epoch 4 step 1150/1401 loss 0.2948 lr 5.92e-05
02:34:07 INFO epoch 4 step 1200/1401 loss 0.3163 lr 5.92e-05
02:34:19 INFO epoch 4 step 1250/1401 loss 0.3105 lr 5.91e-05
02:34:31 INFO epoch 4 step 1300/1401 loss 0.2814 lr 5.91e-05
02:34:43 INFO epoch 4 step 1350/1401 loss 0.3074 lr 5.91e-05
02:34:54 INFO epoch 4 step 1400/1401 loss 0.2993 lr 5.91e-05
02:35:35 INFO == epoch 4 val: iou=0.4631 dice=0.6330
02:35:35 INFO   new best iou=0.4631 -> best.pth
02:36:17 INFO epoch 5 step 50/1401 loss 0.3237 lr 5.91e-05
02:36:28 INFO epoch 5 step 100/1401 loss 0.2935 lr 5.90e-05
02:36:40 INFO epoch 5 step 150/1401 loss 0.3027 lr 5.90e-05
02:36:52 INFO epoch 5 step 200/1401 loss 0.2793 lr 5.90e-05
02:37:04 INFO epoch 5 step 250/1401 loss 0.3139 lr 5.90e-05
02:37:16 INFO epoch 5 step 300/1401 loss 0.2840 lr 5.89e-05
02:37:28 INFO epoch 5 step 350/1401 loss 0.2920 lr 5.89e-05
02:37:39 INFO epoch 5 step 400/1401 loss 0.3019 lr 5.89e-05
02:37:51 INFO epoch 5 step 450/1401 loss 0.3195 lr 5.89e-05
02:38:03 INFO epoch 5 step 500/1401 loss 0.3103 lr 5.89e-05
02:38:15 INFO epoch 5 step 550/1401 loss 0.2989 lr 5.88e-05
02:38:27 INFO epoch 5 step 600/1401 loss 0.2988 lr 5.88e-05
02:38:38 INFO epoch 5 step 650/1401 loss 0.2952 lr 5.88e-05
02:38:50 INFO epoch 5 step 700/1401 loss 0.3270 lr 5.88e-05
02:39:02 INFO epoch 5 step 750/1401 loss 0.2849 lr 5.87e-05
02:39:14 INFO epoch 5 step 800/1401 loss 0.2967 lr 5.87e-05
02:39:26 INFO epoch 5 step 850/1401 loss 0.2810 lr 5.87e-05
02:39:37 INFO epoch 5 step 900/1401 loss 0.3125 lr 5.87e-05
02:39:49 INFO epoch 5 step 950/1401 loss 0.3193 lr 5.86e-05
02:40:01 INFO epoch 5 step 1000/1401 loss 0.3033 lr 5.86e-05
02:40:13 INFO epoch 5 step 1050/1401 loss 0.2910 lr 5.86e-05
02:40:25 INFO epoch 5 step 1100/1401 loss 0.3066 lr 5.85e-05
02:40:36 INFO epoch 5 step 1150/1401 loss 0.2890 lr 5.85e-05
02:40:48 INFO epoch 5 step 1200/1401 loss 0.2883 lr 5.85e-05
02:41:00 INFO epoch 5 step 1250/1401 loss 0.2808 lr 5.85e-05
02:41:12 INFO epoch 5 step 1300/1401 loss 0.2825 lr 5.84e-05
02:41:24 INFO epoch 5 step 1350/1401 loss 0.3175 lr 5.84e-05
02:41:36 INFO epoch 5 step 1400/1401 loss 0.2975 lr 5.84e-05
02:42:17 INFO == epoch 5 val: iou=0.4690 dice=0.6385
02:42:17 INFO   new best iou=0.4690 -> best.pth
02:42:58 INFO epoch 6 step 50/1401 loss 0.2797 lr 5.83e-05
02:43:10 INFO epoch 6 step 100/1401 loss 0.2983 lr 5.83e-05
02:43:22 INFO epoch 6 step 150/1401 loss 0.2725 lr 5.83e-05
02:43:34 INFO epoch 6 step 200/1401 loss 0.2876 lr 5.83e-05
02:43:45 INFO epoch 6 step 250/1401 loss 0.3149 lr 5.82e-05
02:43:57 INFO epoch 6 step 300/1401 loss 0.2923 lr 5.82e-05
02:44:09 INFO epoch 6 step 350/1401 loss 0.3273 lr 5.82e-05
02:44:21 INFO epoch 6 step 400/1401 loss 0.3046 lr 5.81e-05
02:44:33 INFO epoch 6 step 450/1401 loss 0.2812 lr 5.81e-05
02:44:45 INFO epoch 6 step 500/1401 loss 0.2921 lr 5.81e-05
02:44:56 INFO epoch 6 step 550/1401 loss 0.2951 lr 5.80e-05
02:45:08 INFO epoch 6 step 600/1401 loss 0.2877 lr 5.80e-05
02:45:20 INFO epoch 6 step 650/1401 loss 0.2896 lr 5.80e-05
02:45:32 INFO epoch 6 step 700/1401 loss 0.2912 lr 5.79e-05
02:45:44 INFO epoch 6 step 750/1401 loss 0.3110 lr 5.79e-05
02:45:55 INFO epoch 6 step 800/1401 loss 0.2897 lr 5.79e-05
02:46:07 INFO epoch 6 step 850/1401 loss 0.2980 lr 5.79e-05
02:46:19 INFO epoch 6 step 900/1401 loss 0.2938 lr 5.78e-05
02:46:31 INFO epoch 6 step 950/1401 loss 0.2780 lr 5.78e-05
02:46:43 INFO epoch 6 step 1000/1401 loss 0.2876 lr 5.78e-05
02:46:55 INFO epoch 6 step 1050/1401 loss 0.2938 lr 5.77e-05
02:47:06 INFO epoch 6 step 1100/1401 loss 0.2902 lr 5.77e-05
02:47:18 INFO epoch 6 step 1150/1401 loss 0.3063 lr 5.76e-05
02:47:30 INFO epoch 6 step 1200/1401 loss 0.2993 lr 5.76e-05
02:47:42 INFO epoch 6 step 1250/1401 loss 0.2929 lr 5.76e-05
02:47:54 INFO epoch 6 step 1300/1401 loss 0.2938 lr 5.75e-05
02:48:06 INFO epoch 6 step 1350/1401 loss 0.2873 lr 5.75e-05
02:48:17 INFO epoch 6 step 1400/1401 loss 0.2890 lr 5.75e-05
02:48:58 INFO == epoch 6 val: iou=0.4658 dice=0.6356
02:49:39 INFO epoch 7 step 50/1401 loss 0.3009 lr 5.74e-05
02:49:51 INFO epoch 7 step 100/1401 loss 0.2843 lr 5.74e-05
02:50:03 INFO epoch 7 step 150/1401 loss 0.3141 lr 5.74e-05
02:50:15 INFO epoch 7 step 200/1401 loss 0.2790 lr 5.73e-05
02:50:27 INFO epoch 7 step 250/1401 loss 0.2967 lr 5.73e-05
02:50:38 INFO epoch 7 step 300/1401 loss 0.2898 lr 5.73e-05
02:50:50 INFO epoch 7 step 350/1401 loss 0.3103 lr 5.72e-05
02:51:02 INFO epoch 7 step 400/1401 loss 0.2948 lr 5.72e-05
02:51:14 INFO epoch 7 step 450/1401 loss 0.2809 lr 5.71e-05
02:51:26 INFO epoch 7 step 500/1401 loss 0.2741 lr 5.71e-05
02:51:37 INFO epoch 7 step 550/1401 loss 0.2991 lr 5.71e-05
02:51:49 INFO epoch 7 step 600/1401 loss 0.3118 lr 5.70e-05
02:52:01 INFO epoch 7 step 650/1401 loss 0.2907 lr 5.70e-05
02:52:13 INFO epoch 7 step 700/1401 loss 0.3266 lr 5.70e-05
02:52:25 INFO epoch 7 step 750/1401 loss 0.2762 lr 5.69e-05
02:52:36 INFO epoch 7 step 800/1401 loss 0.2816 lr 5.69e-05
02:52:48 INFO epoch 7 step 850/1401 loss 0.2743 lr 5.68e-05
02:53:00 INFO epoch 7 step 900/1401 loss 0.2922 lr 5.68e-05
02:53:12 INFO epoch 7 step 950/1401 loss 0.2856 lr 5.68e-05
02:53:24 INFO epoch 7 step 1000/1401 loss 0.3034 lr 5.67e-05
02:53:35 INFO epoch 7 step 1050/1401 loss 0.2842 lr 5.67e-05
02:53:47 INFO epoch 7 step 1100/1401 loss 0.2927 lr 5.66e-05
02:53:59 INFO epoch 7 step 1150/1401 loss 0.2852 lr 5.66e-05
02:54:11 INFO epoch 7 step 1200/1401 loss 0.2880 lr 5.66e-05
02:54:24 INFO epoch 7 step 1250/1401 loss 0.2702 lr 5.65e-05
02:54:38 INFO epoch 7 step 1300/1401 loss 0.2762 lr 5.65e-05
02:54:51 INFO epoch 7 step 1350/1401 loss 0.2918 lr 5.64e-05
02:55:02 INFO epoch 7 step 1400/1401 loss 0.2931 lr 5.64e-05
02:55:46 INFO == epoch 7 val: iou=0.4645 dice=0.6343
02:56:30 INFO epoch 8 step 50/1401 loss 0.2930 lr 5.63e-05
02:56:46 INFO epoch 8 step 100/1401 loss 0.3157 lr 5.63e-05
02:57:01 INFO epoch 8 step 150/1401 loss 0.2846 lr 5.63e-05
02:57:17 INFO epoch 8 step 200/1401 loss 0.2950 lr 5.62e-05
02:57:32 INFO epoch 8 step 250/1401 loss 0.2813 lr 5.62e-05
02:57:48 INFO epoch 8 step 300/1401 loss 0.2741 lr 5.61e-05
02:58:04 INFO epoch 8 step 350/1401 loss 0.3070 lr 5.61e-05
02:58:19 INFO epoch 8 step 400/1401 loss 0.2801 lr 5.60e-05
02:58:35 INFO epoch 8 step 450/1401 loss 0.2990 lr 5.60e-05
02:58:50 INFO epoch 8 step 500/1401 loss 0.2884 lr 5.60e-05
02:59:05 INFO epoch 8 step 550/1401 loss 0.2982 lr 5.59e-05
02:59:21 INFO epoch 8 step 600/1401 loss 0.3071 lr 5.59e-05
02:59:36 INFO epoch 8 step 650/1401 loss 0.2766 lr 5.58e-05
02:59:52 INFO epoch 8 step 700/1401 loss 0.2859 lr 5.58e-05
03:00:07 INFO epoch 8 step 750/1401 loss 0.2840 lr 5.57e-05
03:00:23 INFO epoch 8 step 800/1401 loss 0.2902 lr 5.57e-05
03:00:38 INFO epoch 8 step 850/1401 loss 0.3000 lr 5.56e-05
03:00:54 INFO epoch 8 step 900/1401 loss 0.2697 lr 5.56e-05
03:01:09 INFO epoch 8 step 950/1401 loss 0.3000 lr 5.55e-05
03:01:25 INFO epoch 8 step 1000/1401 loss 0.3003 lr 5.55e-05
03:01:41 INFO epoch 8 step 1050/1401 loss 0.2995 lr 5.54e-05
03:01:56 INFO epoch 8 step 1100/1401 loss 0.2953 lr 5.54e-05
03:02:12 INFO epoch 8 step 1150/1401 loss 0.2834 lr 5.54e-05
03:02:27 INFO epoch 8 step 1200/1401 loss 0.2861 lr 5.53e-05
03:02:43 INFO epoch 8 step 1250/1401 loss 0.3086 lr 5.53e-05
03:02:56 INFO epoch 8 step 1300/1401 loss 0.2944 lr 5.52e-05
03:03:08 INFO epoch 8 step 1350/1401 loss 0.2957 lr 5.52e-05
03:03:20 INFO epoch 8 step 1400/1401 loss 0.2871 lr 5.51e-05
03:04:04 INFO == epoch 8 val: iou=0.4736 dice=0.6428
03:04:04 INFO   new best iou=0.4736 -> best.pth
