03:23:56 INFO device=cuda out_dir=runs\20260627_032356_segformer_b2 smoke=False
03:23:57 INFO train=5604 val=622 batches/epoch=1401
03:24:02 INFO resumed from runs/20260622_020144_segformer_b2/last.pth: starting epoch 9, best_iou=0.4736
03:24:48 INFO epoch 9 step 50/1401 loss 0.2639 lr 5.51e-05
03:25:00 INFO epoch 9 step 100/1401 loss 0.3042 lr 5.50e-05
03:25:12 INFO epoch 9 step 150/1401 loss 0.2903 lr 5.50e-05
03:25:24 INFO epoch 9 step 200/1401 loss 0.2896 lr 5.49e-05
03:25:37 INFO epoch 9 step 250/1401 loss 0.2692 lr 5.49e-05
03:25:49 INFO epoch 9 step 300/1401 loss 0.2789 lr 5.48e-05
03:26:01 INFO epoch 9 step 350/1401 loss 0.2748 lr 5.48e-05
03:26:13 INFO epoch 9 step 400/1401 loss 0.3011 lr 5.47e-05
03:26:26 INFO epoch 9 step 450/1401 loss 0.2969 lr 5.47e-05
03:26:38 INFO epoch 9 step 500/1401 loss 0.2831 lr 5.46e-05
03:26:50 INFO epoch 9 step 550/1401 loss 0.3191 lr 5.46e-05
03:27:02 INFO epoch 9 step 600/1401 loss 0.2887 lr 5.45e-05
03:27:14 INFO epoch 9 step 650/1401 loss 0.2714 lr 5.45e-05
03:27:27 INFO epoch 9 step 700/1401 loss 0.2888 lr 5.44e-05
03:27:39 INFO epoch 9 step 750/1401 loss 0.2852 lr 5.44e-05
03:27:51 INFO epoch 9 step 800/1401 loss 0.2969 lr 5.43e-05
03:28:03 INFO epoch 9 step 850/1401 loss 0.2899 lr 5.43e-05
03:28:16 INFO epoch 9 step 900/1401 loss 0.3018 lr 5.42e-05
03:28:28 INFO epoch 9 step 950/1401 loss 0.2681 lr 5.42e-05
03:28:40 INFO epoch 9 step 1000/1401 loss 0.2950 lr 5.41e-05
03:28:52 INFO epoch 9 step 1050/1401 loss 0.2837 lr 5.41e-05
03:29:04 INFO epoch 9 step 1100/1401 loss 0.2871 lr 5.40e-05
03:29:16 INFO epoch 9 step 1150/1401 loss 0.2916 lr 5.39e-05
03:29:29 INFO epoch 9 step 1200/1401 loss 0.2744 lr 5.39e-05
03:29:41 INFO epoch 9 step 1250/1401 loss 0.2802 lr 5.38e-05
03:29:53 INFO epoch 9 step 1300/1401 loss 0.2797 lr 5.38e-05
03:30:05 INFO epoch 9 step 1350/1401 loss 0.2818 lr 5.37e-05
03:30:18 INFO epoch 9 step 1400/1401 loss 0.3025 lr 5.37e-05
03:31:04 INFO == epoch 9 val: iou=0.4851 dice=0.6533
03:31:04 INFO   new best iou=0.4851 -> best.pth
03:31:47 INFO epoch 10 step 50/1401 loss 0.2974 lr 5.36e-05
03:31:59 INFO epoch 10 step 100/1401 loss 0.2445 lr 5.36e-05
03:32:12 INFO epoch 10 step 150/1401 loss 0.2732 lr 5.35e-05
03:32:24 INFO epoch 10 step 200/1401 loss 0.2977 lr 5.35e-05
03:32:36 INFO epoch 10 step 250/1401 loss 0.2684 lr 5.34e-05
03:32:48 INFO epoch 10 step 300/1401 loss 0.2974 lr 5.33e-05
03:33:00 INFO epoch 10 step 350/1401 loss 0.2883 lr 5.33e-05
03:33:12 INFO epoch 10 step 400/1401 loss 0.3089 lr 5.32e-05
03:33:25 INFO epoch 10 step 450/1401 loss 0.2920 lr 5.32e-05
03:33:37 INFO epoch 10 step 500/1401 loss 0.2493 lr 5.31e-05
03:33:49 INFO epoch 10 step 550/1401 loss 0.2862 lr 5.31e-05
03:34:01 INFO epoch 10 step 600/1401 loss 0.2927 lr 5.30e-05
03:34:14 INFO epoch 10 step 650/1401 loss 0.2985 lr 5.30e-05
03:34:26 INFO epoch 10 step 700/1401 loss 0.2985 lr 5.29e-05
03:34:38 INFO epoch 10 step 750/1401 loss 0.2844 lr 5.28e-05
03:34:51 INFO epoch 10 step 800/1401 loss 0.2789 lr 5.28e-05
03:35:03 INFO epoch 10 step 850/1401 loss 0.2800 lr 5.27e-05
03:35:15 INFO epoch 10 step 900/1401 loss 0.3001 lr 5.27e-05
03:35:27 INFO epoch 10 step 950/1401 loss 0.2808 lr 5.26e-05
03:35:39 INFO epoch 10 step 1000/1401 loss 0.2967 lr 5.25e-05
03:35:52 INFO epoch 10 step 1050/1401 loss 0.2666 lr 5.25e-05
03:36:04 INFO epoch 10 step 1100/1401 loss 0.2902 lr 5.24e-05
03:36:16 INFO epoch 10 step 1150/1401 loss 0.2847 lr 5.24e-05
03:36:28 INFO epoch 10 step 1200/1401 loss 0.2996 lr 5.23e-05
03:36:41 INFO epoch 10 step 1250/1401 loss 0.2962 lr 5.23e-05
03:36:53 INFO epoch 10 step 1300/1401 loss 0.2896 lr 5.22e-05
03:37:05 INFO epoch 10 step 1350/1401 loss 0.2895 lr 5.21e-05
03:37:17 INFO epoch 10 step 1400/1401 loss 0.2731 lr 5.21e-05
03:38:00 INFO == epoch 10 val: iou=0.4817 dice=0.6502
03:38:42 INFO epoch 11 step 50/1401 loss 0.2912 lr 5.20e-05
03:38:54 INFO epoch 11 step 100/1401 loss 0.2731 lr 5.20e-05
03:39:06 INFO epoch 11 step 150/1401 loss 0.3209 lr 5.19e-05
03:39:18 INFO epoch 11 step 200/1401 loss 0.2671 lr 5.18e-05
03:39:30 INFO epoch 11 step 250/1401 loss 0.2985 lr 5.18e-05
03:39:43 INFO epoch 11 step 300/1401 loss 0.2734 lr 5.17e-05
03:39:55 INFO epoch 11 step 350/1401 loss 0.2858 lr 5.16e-05
03:40:07 INFO epoch 11 step 400/1401 loss 0.2811 lr 5.16e-05
03:40:19 INFO epoch 11 step 450/1401 loss 0.2822 lr 5.15e-05
03:40:31 INFO epoch 11 step 500/1401 loss 0.3026 lr 5.15e-05
03:40:44 INFO epoch 11 step 550/1401 loss 0.2851 lr 5.14e-05
03:40:56 INFO epoch 11 step 600/1401 loss 0.2746 lr 5.13e-05
03:41:08 INFO epoch 11 step 650/1401 loss 0.2852 lr 5.13e-05
03:41:20 INFO epoch 11 step 700/1401 loss 0.2699 lr 5.12e-05
03:41:32 INFO epoch 11 step 750/1401 loss 0.2787 lr 5.12e-05
03:41:45 INFO epoch 11 step 800/1401 loss 0.2999 lr 5.11e-05
03:41:57 INFO epoch 11 step 850/1401 loss 0.2826 lr 5.10e-05
03:42:09 INFO epoch 11 step 900/1401 loss 0.2866 lr 5.10e-05
03:42:22 INFO epoch 11 step 950/1401 loss 0.2888 lr 5.09e-05
03:42:34 INFO epoch 11 step 1000/1401 loss 0.2704 lr 5.08e-05
03:42:46 INFO epoch 11 step 1050/1401 loss 0.2635 lr 5.08e-05
03:42:58 INFO epoch 11 step 1100/1401 loss 0.2736 lr 5.07e-05
03:43:11 INFO epoch 11 step 1150/1401 loss 0.2800 lr 5.06e-05
03:43:23 INFO epoch 11 step 1200/1401 loss 0.2787 lr 5.06e-05
03:43:35 INFO epoch 11 step 1250/1401 loss 0.2969 lr 5.05e-05
03:43:47 INFO epoch 11 step 1300/1401 loss 0.2949 lr 5.04e-05
03:43:59 INFO epoch 11 step 1350/1401 loss 0.3016 lr 5.04e-05
03:44:12 INFO epoch 11 step 1400/1401 loss 0.2710 lr 5.03e-05
03:44:55 INFO == epoch 11 val: iou=0.4837 dice=0.6521
03:45:38 INFO epoch 12 step 50/1401 loss 0.2773 lr 5.03e-05
03:45:50 INFO epoch 12 step 100/1401 loss 0.2957 lr 5.02e-05
03:46:02 INFO epoch 12 step 150/1401 loss 0.2901 lr 5.01e-05
03:46:14 INFO epoch 12 step 200/1401 loss 0.2831 lr 5.01e-05
03:46:27 INFO epoch 12 step 250/1401 loss 0.2963 lr 5.00e-05
03:46:39 INFO epoch 12 step 300/1401 loss 0.2896 lr 4.99e-05
03:46:51 INFO epoch 12 step 350/1401 loss 0.2663 lr 4.99e-05
03:47:03 INFO epoch 12 step 400/1401 loss 0.2779 lr 4.98e-05
03:47:15 INFO epoch 12 step 450/1401 loss 0.2756 lr 4.97e-05
03:47:28 INFO epoch 12 step 500/1401 loss 0.2810 lr 4.97e-05
03:47:40 INFO epoch 12 step 550/1401 loss 0.2881 lr 4.96e-05
03:47:52 INFO epoch 12 step 600/1401 loss 0.3020 lr 4.95e-05
03:48:04 INFO epoch 12 step 650/1401 loss 0.2667 lr 4.95e-05
03:48:16 INFO epoch 12 step 700/1401 loss 0.2662 lr 4.94e-05
03:48:29 INFO epoch 12 step 750/1401 loss 0.2861 lr 4.93e-05
03:48:41 INFO epoch 12 step 800/1401 loss 0.2983 lr 4.93e-05
03:48:53 INFO epoch 12 step 850/1401 loss 0.2811 lr 4.92e-05
03:49:05 INFO epoch 12 step 900/1401 loss 0.3011 lr 4.91e-05
03:49:17 INFO epoch 12 step 950/1401 loss 0.2746 lr 4.90e-05
03:49:30 INFO epoch 12 step 1000/1401 loss 0.2476 lr 4.90e-05
03:49:42 INFO epoch 12 step 1050/1401 loss 0.2783 lr 4.89e-05
03:49:54 INFO epoch 12 step 1100/1401 loss 0.2528 lr 4.88e-05
03:50:06 INFO epoch 12 step 1150/1401 loss 0.2769 lr 4.88e-05
03:50:19 INFO epoch 12 step 1200/1401 loss 0.2754 lr 4.87e-05
03:50:31 INFO epoch 12 step 1250/1401 loss 0.2696 lr 4.86e-05
03:50:43 INFO epoch 12 step 1300/1401 loss 0.2714 lr 4.86e-05
03:50:55 INFO epoch 12 step 1350/1401 loss 0.2833 lr 4.85e-05
03:51:08 INFO epoch 12 step 1400/1401 loss 0.2896 lr 4.84e-05
03:51:52 INFO == epoch 12 val: iou=0.4755 dice=0.6445
03:52:34 INFO epoch 13 step 50/1401 loss 0.2922 lr 4.84e-05
03:52:46 INFO epoch 13 step 100/1401 loss 0.3123 lr 4.83e-05
03:52:58 INFO epoch 13 step 150/1401 loss 0.2776 lr 4.82e-05
03:53:10 INFO epoch 13 step 200/1401 loss 0.2477 lr 4.81e-05
03:53:23 INFO epoch 13 step 250/1401 loss 0.2756 lr 4.81e-05
03:53:35 INFO epoch 13 step 300/1401 loss 0.2844 lr 4.80e-05
03:53:47 INFO epoch 13 step 350/1401 loss 0.2840 lr 4.79e-05
03:54:00 INFO epoch 13 step 400/1401 loss 0.2478 lr 4.79e-05
03:54:13 INFO epoch 13 step 450/1401 loss 0.2846 lr 4.78e-05
03:54:25 INFO epoch 13 step 500/1401 loss 0.2860 lr 4.77e-05
03:54:37 INFO epoch 13 step 550/1401 loss 0.2730 lr 4.76e-05
03:54:50 INFO epoch 13 step 600/1401 loss 0.2740 lr 4.76e-05
03:55:02 INFO epoch 13 step 650/1401 loss 0.2731 lr 4.75e-05
03:55:14 INFO epoch 13 step 700/1401 loss 0.2632 lr 4.74e-05
03:55:26 INFO epoch 13 step 750/1401 loss 0.3018 lr 4.74e-05
03:55:38 INFO epoch 13 step 800/1401 loss 0.3249 lr 4.73e-05
03:55:50 INFO epoch 13 step 850/1401 loss 0.2872 lr 4.72e-05
03:56:03 INFO epoch 13 step 900/1401 loss 0.2749 lr 4.71e-05
03:56:15 INFO epoch 13 step 950/1401 loss 0.2844 lr 4.71e-05
03:56:27 INFO epoch 13 step 1000/1401 loss 0.2753 lr 4.70e-05
03:56:39 INFO epoch 13 step 1050/1401 loss 0.2699 lr 4.69e-05
03:56:52 INFO epoch 13 step 1100/1401 loss 0.2913 lr 4.69e-05
03:57:04 INFO epoch 13 step 1150/1401 loss 0.2648 lr 4.68e-05
03:57:16 INFO epoch 13 step 1200/1401 loss 0.2855 lr 4.67e-05
03:57:28 INFO epoch 13 step 1250/1401 loss 0.2739 lr 4.66e-05
03:57:40 INFO epoch 13 step 1300/1401 loss 0.2526 lr 4.66e-05
03:57:53 INFO epoch 13 step 1350/1401 loss 0.2995 lr 4.65e-05
03:58:05 INFO epoch 13 step 1400/1401 loss 0.2727 lr 4.64e-05
03:58:47 INFO == epoch 13 val: iou=0.4891 dice=0.6569
03:58:47 INFO   new best iou=0.4891 -> best.pth
03:59:30 INFO epoch 14 step 50/1401 loss 0.2897 lr 4.63e-05
03:59:42 INFO epoch 14 step 100/1401 loss 0.2771 lr 4.63e-05
03:59:55 INFO epoch 14 step 150/1401 loss 0.2701 lr 4.62e-05
04:00:07 INFO epoch 14 step 200/1401 loss 0.2565 lr 4.61e-05
04:00:19 INFO epoch 14 step 250/1401 loss 0.2686 lr 4.60e-05
04:00:31 INFO epoch 14 step 300/1401 loss 0.2702 lr 4.60e-05
04:00:44 INFO epoch 14 step 350/1401 loss 0.2850 lr 4.59e-05
04:00:56 INFO epoch 14 step 400/1401 loss 0.2546 lr 4.58e-05
04:01:08 INFO epoch 14 step 450/1401 loss 0.3046 lr 4.57e-05
04:01:20 INFO epoch 14 step 500/1401 loss 0.2554 lr 4.57e-05
04:01:32 INFO epoch 14 step 550/1401 loss 0.2822 lr 4.56e-05
04:01:45 INFO epoch 14 step 600/1401 loss 0.2562 lr 4.55e-05
04:01:57 INFO epoch 14 step 650/1401 loss 0.2672 lr 4.54e-05
04:02:09 INFO epoch 14 step 700/1401 loss 0.2889 lr 4.54e-05
04:02:21 INFO epoch 14 step 750/1401 loss 0.2519 lr 4.53e-05
04:02:34 INFO epoch 14 step 800/1401 loss 0.2776 lr 4.52e-05
04:02:46 INFO epoch 14 step 850/1401 loss 0.2767 lr 4.51e-05
04:02:58 INFO epoch 14 step 900/1401 loss 0.2853 lr 4.51e-05
04:03:10 INFO epoch 14 step 950/1401 loss 0.2839 lr 4.50e-05
04:03:22 INFO epoch 14 step 1000/1401 loss 0.2660 lr 4.49e-05
04:03:35 INFO epoch 14 step 1050/1401 loss 0.2746 lr 4.48e-05
04:03:47 INFO epoch 14 step 1100/1401 loss 0.2872 lr 4.47e-05
04:03:59 INFO epoch 14 step 1150/1401 loss 0.2848 lr 4.47e-05
04:04:12 INFO epoch 14 step 1200/1401 loss 0.2642 lr 4.46e-05
04:04:24 INFO epoch 14 step 1250/1401 loss 0.2373 lr 4.45e-05
04:04:36 INFO epoch 14 step 1300/1401 loss 0.2700 lr 4.44e-05
04:04:48 INFO epoch 14 step 1350/1401 loss 0.2873 lr 4.44e-05
04:05:00 INFO epoch 14 step 1400/1401 loss 0.2735 lr 4.43e-05
04:05:41 INFO == epoch 14 val: iou=0.5048 dice=0.6710
04:05:42 INFO   new best iou=0.5048 -> best.pth
04:06:24 INFO epoch 15 step 50/1401 loss 0.2578 lr 4.42e-05
04:06:36 INFO epoch 15 step 100/1401 loss 0.2646 lr 4.41e-05
04:06:49 INFO epoch 15 step 150/1401 loss 0.2571 lr 4.40e-05
04:07:01 INFO epoch 15 step 200/1401 loss 0.2678 lr 4.40e-05
04:07:13 INFO epoch 15 step 250/1401 loss 0.2828 lr 4.39e-05
04:07:25 INFO epoch 15 step 300/1401 loss 0.2619 lr 4.38e-05
04:07:37 INFO epoch 15 step 350/1401 loss 0.3137 lr 4.37e-05
04:07:50 INFO epoch 15 step 400/1401 loss 0.2943 lr 4.37e-05
04:08:02 INFO epoch 15 step 450/1401 loss 0.2358 lr 4.36e-05
04:08:14 INFO epoch 15 step 500/1401 loss 0.2715 lr 4.35e-05
04:08:26 INFO epoch 15 step 550/1401 loss 0.2750 lr 4.34e-05
04:08:39 INFO epoch 15 step 600/1401 loss 0.2625 lr 4.33e-05
04:08:51 INFO epoch 15 step 650/1401 loss 0.2549 lr 4.33e-05
04:09:03 INFO epoch 15 step 700/1401 loss 0.2909 lr 4.32e-05
04:09:15 INFO epoch 15 step 750/1401 loss 0.2973 lr 4.31e-05
04:09:27 INFO epoch 15 step 800/1401 loss 0.2654 lr 4.30e-05
04:09:40 INFO epoch 15 step 850/1401 loss 0.2736 lr 4.29e-05
04:09:52 INFO epoch 15 step 900/1401 loss 0.2768 lr 4.29e-05
04:10:04 INFO epoch 15 step 950/1401 loss 0.2608 lr 4.28e-05
04:10:17 INFO epoch 15 step 1000/1401 loss 0.2779 lr 4.27e-05
04:10:29 INFO epoch 15 step 1050/1401 loss 0.2770 lr 4.26e-05
04:10:41 INFO epoch 15 step 1100/1401 loss 0.2513 lr 4.25e-05
04:10:53 INFO epoch 15 step 1150/1401 loss 0.2815 lr 4.25e-05
04:11:06 INFO epoch 15 step 1200/1401 loss 0.3005 lr 4.24e-05
04:11:18 INFO epoch 15 step 1250/1401 loss 0.2828 lr 4.23e-05
04:11:30 INFO epoch 15 step 1300/1401 loss 0.2713 lr 4.22e-05
04:11:42 INFO epoch 15 step 1350/1401 loss 0.2992 lr 4.21e-05
04:11:54 INFO epoch 15 step 1400/1401 loss 0.2826 lr 4.21e-05
04:12:35 INFO == epoch 15 val: iou=0.4906 dice=0.6583
04:13:17 INFO epoch 16 step 50/1401 loss 0.2895 lr 4.20e-05
04:13:29 INFO epoch 16 step 100/1401 loss 0.2787 lr 4.19e-05
04:13:41 INFO epoch 16 step 150/1401 loss 0.2714 lr 4.18e-05
04:13:54 INFO epoch 16 step 200/1401 loss 0.2650 lr 4.17e-05
04:14:06 INFO epoch 16 step 250/1401 loss 0.2716 lr 4.16e-05
04:14:18 INFO epoch 16 step 300/1401 loss 0.2768 lr 4.16e-05
04:14:30 INFO epoch 16 step 350/1401 loss 0.2762 lr 4.15e-05
04:14:43 INFO epoch 16 step 400/1401 loss 0.2767 lr 4.14e-05
04:14:55 INFO epoch 16 step 450/1401 loss 0.2663 lr 4.13e-05
04:15:07 INFO epoch 16 step 500/1401 loss 0.2612 lr 4.12e-05
04:15:19 INFO epoch 16 step 550/1401 loss 0.2684 lr 4.12e-05
04:15:31 INFO epoch 16 step 600/1401 loss 0.2783 lr 4.11e-05
04:15:44 INFO epoch 16 step 650/1401 loss 0.2844 lr 4.10e-05
04:15:56 INFO epoch 16 step 700/1401 loss 0.2788 lr 4.09e-05
04:16:08 INFO epoch 16 step 750/1401 loss 0.2713 lr 4.08e-05
04:16:21 INFO epoch 16 step 800/1401 loss 0.2514 lr 4.07e-05
04:16:33 INFO epoch 16 step 850/1401 loss 0.2466 lr 4.07e-05
04:16:45 INFO epoch 16 step 900/1401 loss 0.2648 lr 4.06e-05
04:16:57 INFO epoch 16 step 950/1401 loss 0.2505 lr 4.05e-05
04:17:09 INFO epoch 16 step 1000/1401 loss 0.2589 lr 4.04e-05
04:17:22 INFO epoch 16 step 1050/1401 loss 0.2642 lr 4.03e-05
04:17:34 INFO epoch 16 step 1100/1401 loss 0.2680 lr 4.02e-05
04:17:46 INFO epoch 16 step 1150/1401 loss 0.2770 lr 4.02e-05
04:17:58 INFO epoch 16 step 1200/1401 loss 0.2451 lr 4.01e-05
04:18:11 INFO epoch 16 step 1250/1401 loss 0.2660 lr 4.00e-05
04:18:23 INFO epoch 16 step 1300/1401 loss 0.2606 lr 3.99e-05
04:18:36 INFO epoch 16 step 1350/1401 loss 0.2669 lr 3.98e-05
04:18:48 INFO epoch 16 step 1400/1401 loss 0.2660 lr 3.97e-05
04:19:29 INFO == epoch 16 val: iou=0.4990 dice=0.6657
04:20:11 INFO epoch 17 step 50/1401 loss 0.2460 lr 3.97e-05
04:20:23 INFO epoch 17 step 100/1401 loss 0.2956 lr 3.96e-05
04:20:35 INFO epoch 17 step 150/1401 loss 0.2639 lr 3.95e-05
04:20:48 INFO epoch 17 step 200/1401 loss 0.2783 lr 3.94e-05
04:21:00 INFO epoch 17 step 250/1401 loss 0.2452 lr 3.93e-05
04:21:12 INFO epoch 17 step 300/1401 loss 0.2733 lr 3.92e-05
04:21:24 INFO epoch 17 step 350/1401 loss 0.2827 lr 3.92e-05
04:21:36 INFO epoch 17 step 400/1401 loss 0.2822 lr 3.91e-05
04:21:49 INFO epoch 17 step 450/1401 loss 0.2763 lr 3.90e-05
04:22:01 INFO epoch 17 step 500/1401 loss 0.2616 lr 3.89e-05
04:22:13 INFO epoch 17 step 550/1401 loss 0.2657 lr 3.88e-05
04:22:25 INFO epoch 17 step 600/1401 loss 0.2797 lr 3.87e-05
04:22:38 INFO epoch 17 step 650/1401 loss 0.2637 lr 3.86e-05
04:22:50 INFO epoch 17 step 700/1401 loss 0.2631 lr 3.86e-05
04:23:02 INFO epoch 17 step 750/1401 loss 0.2814 lr 3.85e-05
04:23:14 INFO epoch 17 step 800/1401 loss 0.2710 lr 3.84e-05
04:23:26 INFO epoch 17 step 850/1401 loss 0.2518 lr 3.83e-05
04:23:39 INFO epoch 17 step 900/1401 loss 0.2755 lr 3.82e-05
04:23:51 INFO epoch 17 step 950/1401 loss 0.2849 lr 3.81e-05
04:24:03 INFO epoch 17 step 1000/1401 loss 0.2804 lr 3.81e-05
04:24:16 INFO epoch 17 step 1050/1401 loss 0.2792 lr 3.80e-05
04:24:28 INFO epoch 17 step 1100/1401 loss 0.2704 lr 3.79e-05
04:24:40 INFO epoch 17 step 1150/1401 loss 0.2684 lr 3.78e-05
04:24:52 INFO epoch 17 step 1200/1401 loss 0.2629 lr 3.77e-05
04:25:04 INFO epoch 17 step 1250/1401 loss 0.2736 lr 3.76e-05
04:25:16 INFO epoch 17 step 1300/1401 loss 0.2576 lr 3.75e-05
04:25:29 INFO epoch 17 step 1350/1401 loss 0.2704 lr 3.75e-05
04:25:41 INFO epoch 17 step 1400/1401 loss 0.2729 lr 3.74e-05
04:26:23 INFO == epoch 17 val: iou=0.5037 dice=0.6699
04:27:04 INFO epoch 18 step 50/1401 loss 0.2465 lr 3.73e-05
04:27:16 INFO epoch 18 step 100/1401 loss 0.2678 lr 3.72e-05
04:27:29 INFO epoch 18 step 150/1401 loss 0.2769 lr 3.71e-05
04:27:41 INFO epoch 18 step 200/1401 loss 0.2707 lr 3.70e-05
04:27:53 INFO epoch 18 step 250/1401 loss 0.2758 lr 3.69e-05
04:28:05 INFO epoch 18 step 300/1401 loss 0.2916 lr 3.68e-05
04:28:18 INFO epoch 18 step 350/1401 loss 0.2909 lr 3.68e-05
04:28:30 INFO epoch 18 step 400/1401 loss 0.2683 lr 3.67e-05
04:28:42 INFO epoch 18 step 450/1401 loss 0.2661 lr 3.66e-05
04:28:54 INFO epoch 18 step 500/1401 loss 0.2617 lr 3.65e-05
04:29:06 INFO epoch 18 step 550/1401 loss 0.2761 lr 3.64e-05
04:29:18 INFO epoch 18 step 600/1401 loss 0.2908 lr 3.63e-05
04:29:30 INFO epoch 18 step 650/1401 loss 0.2568 lr 3.62e-05
04:29:43 INFO epoch 18 step 700/1401 loss 0.2920 lr 3.62e-05
04:29:55 INFO epoch 18 step 750/1401 loss 0.2519 lr 3.61e-05
04:30:07 INFO epoch 18 step 800/1401 loss 0.2664 lr 3.60e-05
04:30:19 INFO epoch 18 step 850/1401 loss 0.2438 lr 3.59e-05
04:30:32 INFO epoch 18 step 900/1401 loss 0.2571 lr 3.58e-05
04:30:44 INFO epoch 18 step 950/1401 loss 0.2614 lr 3.57e-05
04:30:56 INFO epoch 18 step 1000/1401 loss 0.2732 lr 3.56e-05
04:31:08 INFO epoch 18 step 1050/1401 loss 0.2660 lr 3.55e-05
04:31:20 INFO epoch 18 step 1100/1401 loss 0.2849 lr 3.55e-05
04:31:33 INFO epoch 18 step 1150/1401 loss 0.2795 lr 3.54e-05
04:31:45 INFO epoch 18 step 1200/1401 loss 0.2621 lr 3.53e-05
04:31:57 INFO epoch 18 step 1250/1401 loss 0.2675 lr 3.52e-05
04:32:10 INFO epoch 18 step 1300/1401 loss 0.2852 lr 3.51e-05
04:32:22 INFO epoch 18 step 1350/1401 loss 0.2789 lr 3.50e-05
04:32:34 INFO epoch 18 step 1400/1401 loss 0.2575 lr 3.49e-05
04:33:15 INFO == epoch 18 val: iou=0.5059 dice=0.6719
04:33:15 INFO   new best iou=0.5059 -> best.pth
04:33:58 INFO epoch 19 step 50/1401 loss 0.2763 lr 3.49e-05
04:34:10 INFO epoch 19 step 100/1401 loss 0.2803 lr 3.48e-05
04:34:22 INFO epoch 19 step 150/1401 loss 0.2817 lr 3.47e-05
04:34:35 INFO epoch 19 step 200/1401 loss 0.2565 lr 3.46e-05
04:34:47 INFO epoch 19 step 250/1401 loss 0.2657 lr 3.45e-05
04:34:59 INFO epoch 19 step 300/1401 loss 0.2815 lr 3.44e-05
04:35:11 INFO epoch 19 step 350/1401 loss 0.2827 lr 3.43e-05
04:35:23 INFO epoch 19 step 400/1401 loss 0.2622 lr 3.42e-05
04:35:36 INFO epoch 19 step 450/1401 loss 0.2373 lr 3.42e-05
04:35:48 INFO epoch 19 step 500/1401 loss 0.2712 lr 3.41e-05
04:36:00 INFO epoch 19 step 550/1401 loss 0.2909 lr 3.40e-05
04:36:12 INFO epoch 19 step 600/1401 loss 0.2716 lr 3.39e-05
04:36:25 INFO epoch 19 step 650/1401 loss 0.2478 lr 3.38e-05
04:36:37 INFO epoch 19 step 700/1401 loss 0.2653 lr 3.37e-05
04:36:49 INFO epoch 19 step 750/1401 loss 0.2717 lr 3.36e-05
04:37:01 INFO epoch 19 step 800/1401 loss 0.2719 lr 3.35e-05
04:37:13 INFO epoch 19 step 850/1401 loss 0.2625 lr 3.34e-05
04:37:25 INFO epoch 19 step 900/1401 loss 0.2627 lr 3.34e-05
04:37:38 INFO epoch 19 step 950/1401 loss 0.2573 lr 3.33e-05
04:37:50 INFO epoch 19 step 1000/1401 loss 0.2572 lr 3.32e-05
04:38:02 INFO epoch 19 step 1050/1401 loss 0.2756 lr 3.31e-05
04:38:14 INFO epoch 19 step 1100/1401 loss 0.2663 lr 3.30e-05
04:38:27 INFO epoch 19 step 1150/1401 loss 0.2729 lr 3.29e-05
04:38:39 INFO epoch 19 step 1200/1401 loss 0.2625 lr 3.28e-05
04:38:51 INFO epoch 19 step 1250/1401 loss 0.2796 lr 3.27e-05
04:39:03 INFO epoch 19 step 1300/1401 loss 0.2787 lr 3.27e-05
04:39:15 INFO epoch 19 step 1350/1401 loss 0.2883 lr 3.26e-05
04:39:28 INFO epoch 19 step 1400/1401 loss 0.2583 lr 3.25e-05
04:40:09 INFO == epoch 19 val: iou=0.4969 dice=0.6639
04:40:51 INFO epoch 20 step 50/1401 loss 0.2707 lr 3.24e-05
04:41:03 INFO epoch 20 step 100/1401 loss 0.2556 lr 3.23e-05
04:41:15 INFO epoch 20 step 150/1401 loss 0.2626 lr 3.22e-05
04:41:27 INFO epoch 20 step 200/1401 loss 0.2759 lr 3.21e-05
04:41:39 INFO epoch 20 step 250/1401 loss 0.2551 lr 3.20e-05
04:41:52 INFO epoch 20 step 300/1401 loss 0.2490 lr 3.19e-05
04:42:04 INFO epoch 20 step 350/1401 loss 0.2732 lr 3.19e-05
04:42:16 INFO epoch 20 step 400/1401 loss 0.2652 lr 3.18e-05
04:42:28 INFO epoch 20 step 450/1401 loss 0.2617 lr 3.17e-05
04:42:41 INFO epoch 20 step 500/1401 loss 0.2824 lr 3.16e-05
04:42:53 INFO epoch 20 step 550/1401 loss 0.2445 lr 3.15e-05
04:43:05 INFO epoch 20 step 600/1401 loss 0.2760 lr 3.14e-05
04:43:17 INFO epoch 20 step 650/1401 loss 0.2441 lr 3.13e-05
04:43:29 INFO epoch 20 step 700/1401 loss 0.2858 lr 3.12e-05
04:43:42 INFO epoch 20 step 750/1401 loss 0.2734 lr 3.12e-05
04:43:54 INFO epoch 20 step 800/1401 loss 0.2495 lr 3.11e-05
04:44:06 INFO epoch 20 step 850/1401 loss 0.2868 lr 3.10e-05
04:44:18 INFO epoch 20 step 900/1401 loss 0.2527 lr 3.09e-05
04:44:31 INFO epoch 20 step 950/1401 loss 0.2679 lr 3.08e-05
04:44:43 INFO epoch 20 step 1000/1401 loss 0.2758 lr 3.07e-05
04:44:55 INFO epoch 20 step 1050/1401 loss 0.2727 lr 3.06e-05
04:45:07 INFO epoch 20 step 1100/1401 loss 0.2596 lr 3.05e-05
04:45:19 INFO epoch 20 step 1150/1401 loss 0.2619 lr 3.04e-05
04:45:32 INFO epoch 20 step 1200/1401 loss 0.2600 lr 3.04e-05
04:45:44 INFO epoch 20 step 1250/1401 loss 0.2623 lr 3.03e-05
04:45:56 INFO epoch 20 step 1300/1401 loss 0.2627 lr 3.02e-05
04:46:08 INFO epoch 20 step 1350/1401 loss 0.2873 lr 3.01e-05
04:46:21 INFO epoch 20 step 1400/1401 loss 0.2576 lr 3.00e-05
04:47:02 INFO == epoch 20 val: iou=0.5090 dice=0.6746
04:47:02 INFO   new best iou=0.5090 -> best.pth
04:47:44 INFO epoch 21 step 50/1401 loss 0.2732 lr 2.99e-05
04:47:57 INFO epoch 21 step 100/1401 loss 0.2664 lr 2.98e-05
04:48:09 INFO epoch 21 step 150/1401 loss 0.2745 lr 2.97e-05
04:48:21 INFO epoch 21 step 200/1401 loss 0.2581 lr 2.96e-05
04:48:33 INFO epoch 21 step 250/1401 loss 0.2687 lr 2.96e-05
04:48:46 INFO epoch 21 step 300/1401 loss 0.2652 lr 2.95e-05
04:48:58 INFO epoch 21 step 350/1401 loss 0.2663 lr 2.94e-05
04:49:10 INFO epoch 21 step 400/1401 loss 0.2819 lr 2.93e-05
04:49:22 INFO epoch 21 step 450/1401 loss 0.2506 lr 2.92e-05
04:49:34 INFO epoch 21 step 500/1401 loss 0.2498 lr 2.91e-05
04:49:47 INFO epoch 21 step 550/1401 loss 0.2761 lr 2.90e-05
04:49:59 INFO epoch 21 step 600/1401 loss 0.2591 lr 2.89e-05
04:50:11 INFO epoch 21 step 650/1401 loss 0.2611 lr 2.88e-05
04:50:23 INFO epoch 21 step 700/1401 loss 0.2548 lr 2.88e-05
04:50:36 INFO epoch 21 step 750/1401 loss 0.2585 lr 2.87e-05
04:50:48 INFO epoch 21 step 800/1401 loss 0.2655 lr 2.86e-05
04:51:00 INFO epoch 21 step 850/1401 loss 0.2669 lr 2.85e-05
04:51:12 INFO epoch 21 step 900/1401 loss 0.2542 lr 2.84e-05
04:51:24 INFO epoch 21 step 950/1401 loss 0.2621 lr 2.83e-05
04:51:37 INFO epoch 21 step 1000/1401 loss 0.2630 lr 2.82e-05
04:51:49 INFO epoch 21 step 1050/1401 loss 0.2805 lr 2.81e-05
04:52:01 INFO epoch 21 step 1100/1401 loss 0.2357 lr 2.81e-05
04:52:13 INFO epoch 21 step 1150/1401 loss 0.2598 lr 2.80e-05
04:52:26 INFO epoch 21 step 1200/1401 loss 0.2585 lr 2.79e-05
04:52:38 INFO epoch 21 step 1250/1401 loss 0.2802 lr 2.78e-05
04:52:50 INFO epoch 21 step 1300/1401 loss 0.2828 lr 2.77e-05
04:53:02 INFO epoch 21 step 1350/1401 loss 0.2651 lr 2.76e-05
04:53:14 INFO epoch 21 step 1400/1401 loss 0.2810 lr 2.75e-05
04:53:55 INFO == epoch 21 val: iou=0.5043 dice=0.6705
04:54:37 INFO epoch 22 step 50/1401 loss 0.2499 lr 2.74e-05
04:54:49 INFO epoch 22 step 100/1401 loss 0.2673 lr 2.73e-05
04:55:01 INFO epoch 22 step 150/1401 loss 0.2733 lr 2.73e-05
04:55:13 INFO epoch 22 step 200/1401 loss 0.2394 lr 2.72e-05
04:55:26 INFO epoch 22 step 250/1401 loss 0.2799 lr 2.71e-05
04:55:38 INFO epoch 22 step 300/1401 loss 0.2391 lr 2.70e-05
04:55:50 INFO epoch 22 step 350/1401 loss 0.2735 lr 2.69e-05
04:56:03 INFO epoch 22 step 400/1401 loss 0.2554 lr 2.68e-05
04:56:15 INFO epoch 22 step 450/1401 loss 0.2524 lr 2.67e-05
04:56:27 INFO epoch 22 step 500/1401 loss 0.2636 lr 2.66e-05
04:56:39 INFO epoch 22 step 550/1401 loss 0.2368 lr 2.66e-05
04:56:51 INFO epoch 22 step 600/1401 loss 0.2466 lr 2.65e-05
04:57:04 INFO epoch 22 step 650/1401 loss 0.2515 lr 2.64e-05
04:57:16 INFO epoch 22 step 700/1401 loss 0.2673 lr 2.63e-05
04:57:28 INFO epoch 22 step 750/1401 loss 0.2532 lr 2.62e-05
04:57:40 INFO epoch 22 step 800/1401 loss 0.2618 lr 2.61e-05
04:57:53 INFO epoch 22 step 850/1401 loss 0.2617 lr 2.60e-05
04:58:05 INFO epoch 22 step 900/1401 loss 0.2799 lr 2.59e-05
04:58:17 INFO epoch 22 step 950/1401 loss 0.2588 lr 2.59e-05
04:58:30 INFO epoch 22 step 1000/1401 loss 0.2453 lr 2.58e-05
04:58:42 INFO epoch 22 step 1050/1401 loss 0.2602 lr 2.57e-05
04:58:54 INFO epoch 22 step 1100/1401 loss 0.2884 lr 2.56e-05
04:59:06 INFO epoch 22 step 1150/1401 loss 0.2694 lr 2.55e-05
04:59:18 INFO epoch 22 step 1200/1401 loss 0.2691 lr 2.54e-05
04:59:31 INFO epoch 22 step 1250/1401 loss 0.2686 lr 2.53e-05
04:59:43 INFO epoch 22 step 1300/1401 loss 0.2754 lr 2.52e-05
04:59:55 INFO epoch 22 step 1350/1401 loss 0.2439 lr 2.52e-05
05:00:07 INFO epoch 22 step 1400/1401 loss 0.2591 lr 2.51e-05
05:00:49 INFO == epoch 22 val: iou=0.4990 dice=0.6658
05:01:31 INFO epoch 23 step 50/1401 loss 0.2748 lr 2.50e-05
05:01:43 INFO epoch 23 step 100/1401 loss 0.2365 lr 2.49e-05
05:01:55 INFO epoch 23 step 150/1401 loss 0.2574 lr 2.48e-05
05:02:08 INFO epoch 23 step 200/1401 loss 0.2580 lr 2.47e-05
05:02:20 INFO epoch 23 step 250/1401 loss 0.2697 lr 2.46e-05
05:02:32 INFO epoch 23 step 300/1401 loss 0.2320 lr 2.45e-05
05:02:44 INFO epoch 23 step 350/1401 loss 0.2588 lr 2.45e-05
05:02:57 INFO epoch 23 step 400/1401 loss 0.2733 lr 2.44e-05
05:03:09 INFO epoch 23 step 450/1401 loss 0.2678 lr 2.43e-05
05:03:21 INFO epoch 23 step 500/1401 loss 0.2658 lr 2.42e-05
05:03:33 INFO epoch 23 step 550/1401 loss 0.2552 lr 2.41e-05
05:03:45 INFO epoch 23 step 600/1401 loss 0.2414 lr 2.40e-05
05:03:58 INFO epoch 23 step 650/1401 loss 0.2403 lr 2.39e-05
05:04:10 INFO epoch 23 step 700/1401 loss 0.2831 lr 2.38e-05
05:04:22 INFO epoch 23 step 750/1401 loss 0.2751 lr 2.38e-05
05:04:34 INFO epoch 23 step 800/1401 loss 0.2585 lr 2.37e-05
05:04:47 INFO epoch 23 step 850/1401 loss 0.2441 lr 2.36e-05
05:04:59 INFO epoch 23 step 900/1401 loss 0.2628 lr 2.35e-05
05:05:11 INFO epoch 23 step 950/1401 loss 0.2386 lr 2.34e-05
05:05:23 INFO epoch 23 step 1000/1401 loss 0.2669 lr 2.33e-05
05:05:35 INFO epoch 23 step 1050/1401 loss 0.2565 lr 2.32e-05
05:05:48 INFO epoch 23 step 1100/1401 loss 0.2731 lr 2.32e-05
05:06:00 INFO epoch 23 step 1150/1401 loss 0.2720 lr 2.31e-05
05:06:12 INFO epoch 23 step 1200/1401 loss 0.2403 lr 2.30e-05
05:06:24 INFO epoch 23 step 1250/1401 loss 0.2621 lr 2.29e-05
05:06:37 INFO epoch 23 step 1300/1401 loss 0.2552 lr 2.28e-05
05:06:49 INFO epoch 23 step 1350/1401 loss 0.2624 lr 2.27e-05
05:07:01 INFO epoch 23 step 1400/1401 loss 0.2735 lr 2.26e-05
05:07:43 INFO == epoch 23 val: iou=0.5088 dice=0.6744
05:08:24 INFO epoch 24 step 50/1401 loss 0.2548 lr 2.25e-05
05:08:36 INFO epoch 24 step 100/1401 loss 0.2800 lr 2.25e-05
05:08:49 INFO epoch 24 step 150/1401 loss 0.2726 lr 2.24e-05
05:09:01 INFO epoch 24 step 200/1401 loss 0.2676 lr 2.23e-05
05:09:13 INFO epoch 24 step 250/1401 loss 0.2678 lr 2.22e-05
05:09:25 INFO epoch 24 step 300/1401 loss 0.2457 lr 2.21e-05
05:09:37 INFO epoch 24 step 350/1401 loss 0.2707 lr 2.20e-05
05:09:50 INFO epoch 24 step 400/1401 loss 0.2557 lr 2.20e-05
05:10:02 INFO epoch 24 step 450/1401 loss 0.2543 lr 2.19e-05
05:10:14 INFO epoch 24 step 500/1401 loss 0.2600 lr 2.18e-05
05:10:27 INFO epoch 24 step 550/1401 loss 0.2616 lr 2.17e-05
05:10:39 INFO epoch 24 step 600/1401 loss 0.2784 lr 2.16e-05
05:10:51 INFO epoch 24 step 650/1401 loss 0.2536 lr 2.15e-05
05:11:03 INFO epoch 24 step 700/1401 loss 0.2598 lr 2.14e-05
05:11:15 INFO epoch 24 step 750/1401 loss 0.2734 lr 2.14e-05
05:11:28 INFO epoch 24 step 800/1401 loss 0.2578 lr 2.13e-05
05:11:40 INFO epoch 24 step 850/1401 loss 0.2654 lr 2.12e-05
05:11:52 INFO epoch 24 step 900/1401 loss 0.2420 lr 2.11e-05
05:12:04 INFO epoch 24 step 950/1401 loss 0.2628 lr 2.10e-05
05:12:17 INFO epoch 24 step 1000/1401 loss 0.2737 lr 2.09e-05
05:12:29 INFO epoch 24 step 1050/1401 loss 0.2797 lr 2.08e-05
05:12:41 INFO epoch 24 step 1100/1401 loss 0.2475 lr 2.08e-05
05:12:53 INFO epoch 24 step 1150/1401 loss 0.2730 lr 2.07e-05
05:13:05 INFO epoch 24 step 1200/1401 loss 0.2408 lr 2.06e-05
05:13:18 INFO epoch 24 step 1250/1401 loss 0.2706 lr 2.05e-05
05:13:30 INFO epoch 24 step 1300/1401 loss 0.2599 lr 2.04e-05
05:13:42 INFO epoch 24 step 1350/1401 loss 0.2596 lr 2.03e-05
05:13:54 INFO epoch 24 step 1400/1401 loss 0.2556 lr 2.03e-05
05:14:35 INFO == epoch 24 val: iou=0.5095 dice=0.6750
05:14:35 INFO   new best iou=0.5095 -> best.pth
05:15:17 INFO epoch 25 step 50/1401 loss 0.2503 lr 2.02e-05
05:15:29 INFO epoch 25 step 100/1401 loss 0.2667 lr 2.01e-05
05:15:42 INFO epoch 25 step 150/1401 loss 0.2359 lr 2.00e-05
05:15:54 INFO epoch 25 step 200/1401 loss 0.2709 lr 1.99e-05
05:16:06 INFO epoch 25 step 250/1401 loss 0.2550 lr 1.98e-05
05:16:19 INFO epoch 25 step 300/1401 loss 0.2464 lr 1.98e-05
05:16:31 INFO epoch 25 step 350/1401 loss 0.2535 lr 1.97e-05
05:16:43 INFO epoch 25 step 400/1401 loss 0.2522 lr 1.96e-05
05:16:55 INFO epoch 25 step 450/1401 loss 0.2303 lr 1.95e-05
05:17:07 INFO epoch 25 step 500/1401 loss 0.2530 lr 1.94e-05
05:17:20 INFO epoch 25 step 550/1401 loss 0.2625 lr 1.93e-05
05:17:32 INFO epoch 25 step 600/1401 loss 0.2707 lr 1.93e-05
05:17:44 INFO epoch 25 step 650/1401 loss 0.2755 lr 1.92e-05
05:17:56 INFO epoch 25 step 700/1401 loss 0.2725 lr 1.91e-05
05:18:09 INFO epoch 25 step 750/1401 loss 0.2607 lr 1.90e-05
05:18:21 INFO epoch 25 step 800/1401 loss 0.2622 lr 1.89e-05
05:18:33 INFO epoch 25 step 850/1401 loss 0.2841 lr 1.88e-05
05:18:46 INFO epoch 25 step 900/1401 loss 0.2724 lr 1.88e-05
05:18:58 INFO epoch 25 step 950/1401 loss 0.2517 lr 1.87e-05
05:19:10 INFO epoch 25 step 1000/1401 loss 0.2464 lr 1.86e-05
05:19:22 INFO epoch 25 step 1050/1401 loss 0.2622 lr 1.85e-05
05:19:34 INFO epoch 25 step 1100/1401 loss 0.2608 lr 1.84e-05
05:19:46 INFO epoch 25 step 1150/1401 loss 0.2677 lr 1.84e-05
05:19:59 INFO epoch 25 step 1200/1401 loss 0.2577 lr 1.83e-05
05:20:11 INFO epoch 25 step 1250/1401 loss 0.2517 lr 1.82e-05
05:20:23 INFO epoch 25 step 1300/1401 loss 0.2574 lr 1.81e-05
05:20:35 INFO epoch 25 step 1350/1401 loss 0.2734 lr 1.80e-05
05:20:48 INFO epoch 25 step 1400/1401 loss 0.2769 lr 1.80e-05
05:21:29 INFO == epoch 25 val: iou=0.5076 dice=0.6733
05:22:11 INFO epoch 26 step 50/1401 loss 0.2531 lr 1.79e-05
05:22:23 INFO epoch 26 step 100/1401 loss 0.2804 lr 1.78e-05
05:22:35 INFO epoch 26 step 150/1401 loss 0.2621 lr 1.77e-05
05:22:48 INFO epoch 26 step 200/1401 loss 0.2704 lr 1.76e-05
05:23:00 INFO epoch 26 step 250/1401 loss 0.2414 lr 1.75e-05
05:23:12 INFO epoch 26 step 300/1401 loss 0.2740 lr 1.75e-05
05:23:24 INFO epoch 26 step 350/1401 loss 0.2623 lr 1.74e-05
05:23:37 INFO epoch 26 step 400/1401 loss 0.2503 lr 1.73e-05
05:23:49 INFO epoch 26 step 450/1401 loss 0.2411 lr 1.72e-05
05:24:01 INFO epoch 26 step 500/1401 loss 0.2395 lr 1.71e-05
05:24:14 INFO epoch 26 step 550/1401 loss 0.2711 lr 1.71e-05
05:24:26 INFO epoch 26 step 600/1401 loss 0.2531 lr 1.70e-05
05:24:38 INFO epoch 26 step 650/1401 loss 0.2608 lr 1.69e-05
05:24:50 INFO epoch 26 step 700/1401 loss 0.2757 lr 1.68e-05
05:25:02 INFO epoch 26 step 750/1401 loss 0.2403 lr 1.67e-05
05:25:15 INFO epoch 26 step 800/1401 loss 0.2709 lr 1.67e-05
05:25:27 INFO epoch 26 step 850/1401 loss 0.2378 lr 1.66e-05
05:25:39 INFO epoch 26 step 900/1401 loss 0.2427 lr 1.65e-05
05:25:51 INFO epoch 26 step 950/1401 loss 0.2460 lr 1.64e-05
05:26:04 INFO epoch 26 step 1000/1401 loss 0.2407 lr 1.63e-05
05:26:16 INFO epoch 26 step 1050/1401 loss 0.2689 lr 1.63e-05
05:26:28 INFO epoch 26 step 1100/1401 loss 0.2579 lr 1.62e-05
05:26:41 INFO epoch 26 step 1150/1401 loss 0.2636 lr 1.61e-05
05:26:53 INFO epoch 26 step 1200/1401 loss 0.2582 lr 1.60e-05
05:27:05 INFO epoch 26 step 1250/1401 loss 0.2487 lr 1.60e-05
05:27:17 INFO epoch 26 step 1300/1401 loss 0.2431 lr 1.59e-05
05:27:29 INFO epoch 26 step 1350/1401 loss 0.2478 lr 1.58e-05
05:27:42 INFO epoch 26 step 1400/1401 loss 0.2662 lr 1.57e-05
05:28:23 INFO == epoch 26 val: iou=0.5188 dice=0.6831
05:28:23 INFO   new best iou=0.5188 -> best.pth
05:29:05 INFO epoch 27 step 50/1401 loss 0.2789 lr 1.56e-05
05:29:17 INFO epoch 27 step 100/1401 loss 0.2565 lr 1.56e-05
05:29:29 INFO epoch 27 step 150/1401 loss 0.2839 lr 1.55e-05
05:29:41 INFO epoch 27 step 200/1401 loss 0.2574 lr 1.54e-05
05:29:54 INFO epoch 27 step 250/1401 loss 0.2414 lr 1.53e-05
05:30:06 INFO epoch 27 step 300/1401 loss 0.2479 lr 1.53e-05
05:30:18 INFO epoch 27 step 350/1401 loss 0.2504 lr 1.52e-05
05:30:30 INFO epoch 27 step 400/1401 loss 0.2377 lr 1.51e-05
05:30:43 INFO epoch 27 step 450/1401 loss 0.2794 lr 1.50e-05
05:30:55 INFO epoch 27 step 500/1401 loss 0.2371 lr 1.49e-05
05:31:07 INFO epoch 27 step 550/1401 loss 0.2699 lr 1.49e-05
05:31:19 INFO epoch 27 step 600/1401 loss 0.2801 lr 1.48e-05
05:31:31 INFO epoch 27 step 650/1401 loss 0.2494 lr 1.47e-05
05:31:44 INFO epoch 27 step 700/1401 loss 0.2554 lr 1.46e-05
05:31:56 INFO epoch 27 step 750/1401 loss 0.2591 lr 1.46e-05
05:32:08 INFO epoch 27 step 800/1401 loss 0.2334 lr 1.45e-05
05:32:21 INFO epoch 27 step 850/1401 loss 0.2469 lr 1.44e-05
05:32:33 INFO epoch 27 step 900/1401 loss 0.2377 lr 1.43e-05
05:32:45 INFO epoch 27 step 950/1401 loss 0.2547 lr 1.43e-05
05:32:57 INFO epoch 27 step 1000/1401 loss 0.2455 lr 1.42e-05
05:33:09 INFO epoch 27 step 1050/1401 loss 0.2581 lr 1.41e-05
05:33:22 INFO epoch 27 step 1100/1401 loss 0.2947 lr 1.40e-05
05:33:34 INFO epoch 27 step 1150/1401 loss 0.2609 lr 1.40e-05
05:33:46 INFO epoch 27 step 1200/1401 loss 0.2432 lr 1.39e-05
05:33:58 INFO epoch 27 step 1250/1401 loss 0.2654 lr 1.38e-05
05:34:11 INFO epoch 27 step 1300/1401 loss 0.2595 lr 1.37e-05
05:34:23 INFO epoch 27 step 1350/1401 loss 0.2385 lr 1.37e-05
05:34:35 INFO epoch 27 step 1400/1401 loss 0.2600 lr 1.36e-05
05:35:17 INFO == epoch 27 val: iou=0.5160 dice=0.6808
05:35:59 INFO epoch 28 step 50/1401 loss 0.2363 lr 1.35e-05
05:36:11 INFO epoch 28 step 100/1401 loss 0.2648 lr 1.34e-05
05:36:24 INFO epoch 28 step 150/1401 loss 0.2533 lr 1.34e-05
05:36:36 INFO epoch 28 step 200/1401 loss 0.2627 lr 1.33e-05
05:36:48 INFO epoch 28 step 250/1401 loss 0.2776 lr 1.32e-05
05:37:00 INFO epoch 28 step 300/1401 loss 0.2537 lr 1.31e-05
05:37:12 INFO epoch 28 step 350/1401 loss 0.2570 lr 1.31e-05
05:37:24 INFO epoch 28 step 400/1401 loss 0.2881 lr 1.30e-05
05:37:37 INFO epoch 28 step 450/1401 loss 0.2602 lr 1.29e-05
05:37:49 INFO epoch 28 step 500/1401 loss 0.2372 lr 1.29e-05
05:38:01 INFO epoch 28 step 550/1401 loss 0.2477 lr 1.28e-05
05:38:14 INFO epoch 28 step 600/1401 loss 0.2635 lr 1.27e-05
05:38:26 INFO epoch 28 step 650/1401 loss 0.2429 lr 1.26e-05
05:38:38 INFO epoch 28 step 700/1401 loss 0.2409 lr 1.26e-05
05:38:51 INFO epoch 28 step 750/1401 loss 0.2485 lr 1.25e-05
05:39:03 INFO epoch 28 step 800/1401 loss 0.2746 lr 1.24e-05
05:39:15 INFO epoch 28 step 850/1401 loss 0.2356 lr 1.24e-05
05:39:27 INFO epoch 28 step 900/1401 loss 0.2467 lr 1.23e-05
05:39:39 INFO epoch 28 step 950/1401 loss 0.2363 lr 1.22e-05
05:39:52 INFO epoch 28 step 1000/1401 loss 0.2669 lr 1.21e-05
05:40:04 INFO epoch 28 step 1050/1401 loss 0.2617 lr 1.21e-05
05:40:16 INFO epoch 28 step 1100/1401 loss 0.2669 lr 1.20e-05
05:40:28 INFO epoch 28 step 1150/1401 loss 0.2691 lr 1.19e-05
05:40:40 INFO epoch 28 step 1200/1401 loss 0.2560 lr 1.19e-05
05:40:53 INFO epoch 28 step 1250/1401 loss 0.2715 lr 1.18e-05
05:41:05 INFO epoch 28 step 1300/1401 loss 0.2497 lr 1.17e-05
05:41:17 INFO epoch 28 step 1350/1401 loss 0.2454 lr 1.16e-05
05:41:29 INFO epoch 28 step 1400/1401 loss 0.2465 lr 1.16e-05
05:42:10 INFO == epoch 28 val: iou=0.5196 dice=0.6839
05:42:11 INFO   new best iou=0.5196 -> best.pth
05:42:53 INFO epoch 29 step 50/1401 loss 0.2635 lr 1.15e-05
05:43:05 INFO epoch 29 step 100/1401 loss 0.2580 lr 1.14e-05
05:43:17 INFO epoch 29 step 150/1401 loss 0.2821 lr 1.14e-05
05:43:29 INFO epoch 29 step 200/1401 loss 0.2617 lr 1.13e-05
05:43:41 INFO epoch 29 step 250/1401 loss 0.2285 lr 1.12e-05
05:43:54 INFO epoch 29 step 300/1401 loss 0.2533 lr 1.12e-05
05:44:06 INFO epoch 29 step 350/1401 loss 0.2326 lr 1.11e-05
05:44:18 INFO epoch 29 step 400/1401 loss 0.2458 lr 1.10e-05
05:44:30 INFO epoch 29 step 450/1401 loss 0.2374 lr 1.10e-05
05:44:43 INFO epoch 29 step 500/1401 loss 0.2647 lr 1.09e-05
05:44:55 INFO epoch 29 step 550/1401 loss 0.2378 lr 1.08e-05
05:45:07 INFO epoch 29 step 600/1401 loss 0.2718 lr 1.07e-05
05:45:19 INFO epoch 29 step 650/1401 loss 0.2525 lr 1.07e-05
05:45:32 INFO epoch 29 step 700/1401 loss 0.2492 lr 1.06e-05
05:45:44 INFO epoch 29 step 750/1401 loss 0.2612 lr 1.05e-05
05:45:56 INFO epoch 29 step 800/1401 loss 0.2596 lr 1.05e-05
05:46:08 INFO epoch 29 step 850/1401 loss 0.2541 lr 1.04e-05
05:46:21 INFO epoch 29 step 900/1401 loss 0.2455 lr 1.03e-05
05:46:33 INFO epoch 29 step 950/1401 loss 0.2661 lr 1.03e-05
05:46:45 INFO epoch 29 step 1000/1401 loss 0.2354 lr 1.02e-05
05:46:58 INFO epoch 29 step 1050/1401 loss 0.2455 lr 1.01e-05
05:47:10 INFO epoch 29 step 1100/1401 loss 0.2545 lr 1.01e-05
05:47:22 INFO epoch 29 step 1150/1401 loss 0.2284 lr 1.00e-05
05:47:34 INFO epoch 29 step 1200/1401 loss 0.2602 lr 9.94e-06
05:47:46 INFO epoch 29 step 1250/1401 loss 0.2566 lr 9.88e-06
05:47:59 INFO epoch 29 step 1300/1401 loss 0.2623 lr 9.81e-06
05:48:11 INFO epoch 29 step 1350/1401 loss 0.2447 lr 9.75e-06
05:48:23 INFO epoch 29 step 1400/1401 loss 0.2417 lr 9.68e-06
05:49:04 INFO == epoch 29 val: iou=0.5147 dice=0.6796
05:49:46 INFO epoch 30 step 50/1401 loss 0.2600 lr 9.62e-06
05:49:58 INFO epoch 30 step 100/1401 loss 0.2680 lr 9.55e-06
05:50:10 INFO epoch 30 step 150/1401 loss 0.2365 lr 9.49e-06
05:50:22 INFO epoch 30 step 200/1401 loss 0.2650 lr 9.42e-06
05:50:35 INFO epoch 30 step 250/1401 loss 0.2407 lr 9.36e-06
05:50:47 INFO epoch 30 step 300/1401 loss 0.2476 lr 9.29e-06
05:50:59 INFO epoch 30 step 350/1401 loss 0.2659 lr 9.23e-06
05:51:11 INFO epoch 30 step 400/1401 loss 0.2427 lr 9.17e-06
05:51:23 INFO epoch 30 step 450/1401 loss 0.2500 lr 9.10e-06
05:51:36 INFO epoch 30 step 500/1401 loss 0.2706 lr 9.04e-06
05:51:48 INFO epoch 30 step 550/1401 loss 0.2738 lr 8.98e-06
05:52:00 INFO epoch 30 step 600/1401 loss 0.2466 lr 8.91e-06
05:52:13 INFO epoch 30 step 650/1401 loss 0.2575 lr 8.85e-06
05:52:25 INFO epoch 30 step 700/1401 loss 0.2583 lr 8.79e-06
05:52:37 INFO epoch 30 step 750/1401 loss 0.2404 lr 8.72e-06
05:52:49 INFO epoch 30 step 800/1401 loss 0.2514 lr 8.66e-06
05:53:01 INFO epoch 30 step 850/1401 loss 0.2466 lr 8.60e-06
05:53:13 INFO epoch 30 step 900/1401 loss 0.2345 lr 8.54e-06
05:53:26 INFO epoch 30 step 950/1401 loss 0.2394 lr 8.48e-06
05:53:38 INFO epoch 30 step 1000/1401 loss 0.2342 lr 8.42e-06
05:53:50 INFO epoch 30 step 1050/1401 loss 0.2439 lr 8.35e-06
05:54:03 INFO epoch 30 step 1100/1401 loss 0.2331 lr 8.29e-06
05:54:15 INFO epoch 30 step 1150/1401 loss 0.2703 lr 8.23e-06
05:54:27 INFO epoch 30 step 1200/1401 loss 0.2725 lr 8.17e-06
05:54:39 INFO epoch 30 step 1250/1401 loss 0.2380 lr 8.11e-06
05:54:52 INFO epoch 30 step 1300/1401 loss 0.2899 lr 8.05e-06
05:55:04 INFO epoch 30 step 1350/1401 loss 0.2574 lr 7.99e-06
05:55:16 INFO epoch 30 step 1400/1401 loss 0.2442 lr 7.93e-06
05:55:57 INFO == epoch 30 val: iou=0.5136 dice=0.6786
05:56:40 INFO epoch 31 step 50/1401 loss 0.2576 lr 7.87e-06
05:56:52 INFO epoch 31 step 100/1401 loss 0.2549 lr 7.81e-06
05:57:04 INFO epoch 31 step 150/1401 loss 0.2665 lr 7.75e-06
05:57:16 INFO epoch 31 step 200/1401 loss 0.2583 lr 7.69e-06
05:57:29 INFO epoch 31 step 250/1401 loss 0.2268 lr 7.63e-06
05:57:41 INFO epoch 31 step 300/1401 loss 0.2429 lr 7.57e-06
05:57:53 INFO epoch 31 step 350/1401 loss 0.2367 lr 7.51e-06
05:58:05 INFO epoch 31 step 400/1401 loss 0.2544 lr 7.45e-06
05:58:18 INFO epoch 31 step 450/1401 loss 0.2452 lr 7.40e-06
05:58:30 INFO epoch 31 step 500/1401 loss 0.2416 lr 7.34e-06
05:58:42 INFO epoch 31 step 550/1401 loss 0.2425 lr 7.28e-06
05:58:54 INFO epoch 31 step 600/1401 loss 0.2664 lr 7.22e-06
05:59:07 INFO epoch 31 step 650/1401 loss 0.2689 lr 7.17e-06
05:59:19 INFO epoch 31 step 700/1401 loss 0.2457 lr 7.11e-06
05:59:31 INFO epoch 31 step 750/1401 loss 0.2577 lr 7.05e-06
05:59:43 INFO epoch 31 step 800/1401 loss 0.2530 lr 6.99e-06
05:59:55 INFO epoch 31 step 850/1401 loss 0.2546 lr 6.94e-06
06:00:08 INFO epoch 31 step 900/1401 loss 0.2579 lr 6.88e-06
06:00:20 INFO epoch 31 step 950/1401 loss 0.2633 lr 6.82e-06
06:00:32 INFO epoch 31 step 1000/1401 loss 0.2344 lr 6.77e-06
06:00:44 INFO epoch 31 step 1050/1401 loss 0.2409 lr 6.71e-06
06:00:57 INFO epoch 31 step 1100/1401 loss 0.2477 lr 6.66e-06
06:01:09 INFO epoch 31 step 1150/1401 loss 0.2669 lr 6.60e-06
06:01:21 INFO epoch 31 step 1200/1401 loss 0.2462 lr 6.55e-06
06:01:33 INFO epoch 31 step 1250/1401 loss 0.2687 lr 6.49e-06
06:01:45 INFO epoch 31 step 1300/1401 loss 0.2465 lr 6.44e-06
06:01:58 INFO epoch 31 step 1350/1401 loss 0.2674 lr 6.38e-06
06:02:10 INFO epoch 31 step 1400/1401 loss 0.2485 lr 6.33e-06
06:02:51 INFO == epoch 31 val: iou=0.5162 dice=0.6809
06:03:33 INFO epoch 32 step 50/1401 loss 0.2505 lr 6.27e-06
06:03:46 INFO epoch 32 step 100/1401 loss 0.2453 lr 6.22e-06
06:03:58 INFO epoch 32 step 150/1401 loss 0.2701 lr 6.16e-06
06:04:10 INFO epoch 32 step 200/1401 loss 0.2757 lr 6.11e-06
06:04:23 INFO epoch 32 step 250/1401 loss 0.2669 lr 6.06e-06
06:04:35 INFO epoch 32 step 300/1401 loss 0.2477 lr 6.00e-06
06:04:47 INFO epoch 32 step 350/1401 loss 0.2567 lr 5.95e-06
06:04:59 INFO epoch 32 step 400/1401 loss 0.2636 lr 5.90e-06
06:05:11 INFO epoch 32 step 450/1401 loss 0.2481 lr 5.84e-06
06:05:23 INFO epoch 32 step 500/1401 loss 0.2578 lr 5.79e-06
06:05:36 INFO epoch 32 step 550/1401 loss 0.2548 lr 5.74e-06
06:05:48 INFO epoch 32 step 600/1401 loss 0.2618 lr 5.69e-06
06:06:00 INFO epoch 32 step 650/1401 loss 0.2495 lr 5.64e-06
06:06:13 INFO epoch 32 step 700/1401 loss 0.2616 lr 5.59e-06
06:06:25 INFO epoch 32 step 750/1401 loss 0.2475 lr 5.53e-06
06:06:37 INFO epoch 32 step 800/1401 loss 0.2303 lr 5.48e-06
06:06:50 INFO epoch 32 step 850/1401 loss 0.2473 lr 5.43e-06
06:07:02 INFO epoch 32 step 900/1401 loss 0.2803 lr 5.38e-06
06:07:14 INFO epoch 32 step 950/1401 loss 0.2540 lr 5.33e-06
06:07:26 INFO epoch 32 step 1000/1401 loss 0.2599 lr 5.28e-06
06:07:38 INFO epoch 32 step 1050/1401 loss 0.2716 lr 5.23e-06
06:07:51 INFO epoch 32 step 1100/1401 loss 0.2417 lr 5.18e-06
06:08:03 INFO epoch 32 step 1150/1401 loss 0.2485 lr 5.13e-06
06:08:15 INFO epoch 32 step 1200/1401 loss 0.2486 lr 5.08e-06
06:08:27 INFO epoch 32 step 1250/1401 loss 0.2510 lr 5.03e-06
06:08:40 INFO epoch 32 step 1300/1401 loss 0.2549 lr 4.98e-06
06:08:52 INFO epoch 32 step 1350/1401 loss 0.2390 lr 4.93e-06
06:09:04 INFO epoch 32 step 1400/1401 loss 0.2554 lr 4.89e-06
06:09:46 INFO == epoch 32 val: iou=0.5162 dice=0.6810
06:10:28 INFO epoch 33 step 50/1401 loss 0.2484 lr 4.84e-06
06:10:40 INFO epoch 33 step 100/1401 loss 0.2557 lr 4.79e-06
06:10:52 INFO epoch 33 step 150/1401 loss 0.2420 lr 4.74e-06
06:11:04 INFO epoch 33 step 200/1401 loss 0.2642 lr 4.69e-06
06:11:16 INFO epoch 33 step 250/1401 loss 0.2242 lr 4.65e-06
06:11:29 INFO epoch 33 step 300/1401 loss 0.2632 lr 4.60e-06
06:11:41 INFO epoch 33 step 350/1401 loss 0.2480 lr 4.55e-06
06:11:53 INFO epoch 33 step 400/1401 loss 0.2589 lr 4.50e-06
06:12:05 INFO epoch 33 step 450/1401 loss 0.2550 lr 4.46e-06
06:12:18 INFO epoch 33 step 500/1401 loss 0.2382 lr 4.41e-06
06:12:30 INFO epoch 33 step 550/1401 loss 0.2412 lr 4.37e-06
06:12:42 INFO epoch 33 step 600/1401 loss 0.2445 lr 4.32e-06
06:12:54 INFO epoch 33 step 650/1401 loss 0.2557 lr 4.27e-06
06:13:06 INFO epoch 33 step 700/1401 loss 0.2585 lr 4.23e-06
06:13:19 INFO epoch 33 step 750/1401 loss 0.2519 lr 4.18e-06
06:13:31 INFO epoch 33 step 800/1401 loss 0.2385 lr 4.14e-06
06:13:43 INFO epoch 33 step 850/1401 loss 0.2395 lr 4.09e-06
06:13:56 INFO epoch 33 step 900/1401 loss 0.2577 lr 4.05e-06
06:14:08 INFO epoch 33 step 950/1401 loss 0.2469 lr 4.01e-06
06:14:20 INFO epoch 33 step 1000/1401 loss 0.2337 lr 3.96e-06
06:14:32 INFO epoch 33 step 1050/1401 loss 0.2470 lr 3.92e-06
06:14:45 INFO epoch 33 step 1100/1401 loss 0.2469 lr 3.87e-06
06:14:57 INFO epoch 33 step 1150/1401 loss 0.2433 lr 3.83e-06
06:15:09 INFO epoch 33 step 1200/1401 loss 0.2391 lr 3.79e-06
06:15:21 INFO epoch 33 step 1250/1401 loss 0.2586 lr 3.74e-06
06:15:33 INFO epoch 33 step 1300/1401 loss 0.2491 lr 3.70e-06
06:15:46 INFO epoch 33 step 1350/1401 loss 0.2464 lr 3.66e-06
06:15:58 INFO epoch 33 step 1400/1401 loss 0.2552 lr 3.62e-06
06:16:39 INFO == epoch 33 val: iou=0.5217 dice=0.6857
06:16:39 INFO   new best iou=0.5217 -> best.pth
06:17:21 INFO epoch 34 step 50/1401 loss 0.2490 lr 3.57e-06
06:17:33 INFO epoch 34 step 100/1401 loss 0.2518 lr 3.53e-06
06:17:46 INFO epoch 34 step 150/1401 loss 0.2701 lr 3.49e-06
06:17:58 INFO epoch 34 step 200/1401 loss 0.2454 lr 3.45e-06
06:18:10 INFO epoch 34 step 250/1401 loss 0.2709 lr 3.41e-06
06:18:22 INFO epoch 34 step 300/1401 loss 0.2607 lr 3.37e-06
06:18:35 INFO epoch 34 step 350/1401 loss 0.2538 lr 3.33e-06
06:18:47 INFO epoch 34 step 400/1401 loss 0.2701 lr 3.29e-06
06:18:59 INFO epoch 34 step 450/1401 loss 0.2313 lr 3.25e-06
06:19:11 INFO epoch 34 step 500/1401 loss 0.2406 lr 3.21e-06
06:19:23 INFO epoch 34 step 550/1401 loss 0.2393 lr 3.17e-06
06:19:35 INFO epoch 34 step 600/1401 loss 0.2442 lr 3.13e-06
06:19:48 INFO epoch 34 step 650/1401 loss 0.2429 lr 3.09e-06
06:20:00 INFO epoch 34 step 700/1401 loss 0.2437 lr 3.05e-06
06:20:12 INFO epoch 34 step 750/1401 loss 0.2637 lr 3.01e-06
06:20:24 INFO epoch 34 step 800/1401 loss 0.2393 lr 2.97e-06
06:20:37 INFO epoch 34 step 850/1401 loss 0.2577 lr 2.93e-06
06:20:49 INFO epoch 34 step 900/1401 loss 0.2314 lr 2.90e-06
06:21:01 INFO epoch 34 step 950/1401 loss 0.2576 lr 2.86e-06
06:21:13 INFO epoch 34 step 1000/1401 loss 0.2557 lr 2.82e-06
06:21:25 INFO epoch 34 step 1050/1401 loss 0.2601 lr 2.78e-06
06:21:37 INFO epoch 34 step 1100/1401 loss 0.2778 lr 2.75e-06
06:21:50 INFO epoch 34 step 1150/1401 loss 0.2604 lr 2.71e-06
06:22:02 INFO epoch 34 step 1200/1401 loss 0.2453 lr 2.67e-06
06:22:14 INFO epoch 34 step 1250/1401 loss 0.2663 lr 2.64e-06
06:22:26 INFO epoch 34 step 1300/1401 loss 0.2407 lr 2.60e-06
06:22:39 INFO epoch 34 step 1350/1401 loss 0.2591 lr 2.56e-06
06:22:51 INFO epoch 34 step 1400/1401 loss 0.2596 lr 2.53e-06
06:23:32 INFO == epoch 34 val: iou=0.5188 dice=0.6832
06:24:14 INFO epoch 35 step 50/1401 loss 0.2698 lr 2.49e-06
06:24:26 INFO epoch 35 step 100/1401 loss 0.2238 lr 2.46e-06
06:24:38 INFO epoch 35 step 150/1401 loss 0.2559 lr 2.42e-06
06:24:51 INFO epoch 35 step 200/1401 loss 0.2469 lr 2.39e-06
06:25:03 INFO epoch 35 step 250/1401 loss 0.2162 lr 2.35e-06
06:25:15 INFO epoch 35 step 300/1401 loss 0.2335 lr 2.32e-06
06:25:27 INFO epoch 35 step 350/1401 loss 0.2548 lr 2.28e-06
06:25:39 INFO epoch 35 step 400/1401 loss 0.2508 lr 2.25e-06
06:25:52 INFO epoch 35 step 450/1401 loss 0.2621 lr 2.22e-06
06:26:04 INFO epoch 35 step 500/1401 loss 0.2618 lr 2.18e-06
06:26:16 INFO epoch 35 step 550/1401 loss 0.2373 lr 2.15e-06
06:26:28 INFO epoch 35 step 600/1401 loss 0.2403 lr 2.12e-06
06:26:41 INFO epoch 35 step 650/1401 loss 0.2545 lr 2.08e-06
06:26:53 INFO epoch 35 step 700/1401 loss 0.2472 lr 2.05e-06
06:27:05 INFO epoch 35 step 750/1401 loss 0.2384 lr 2.02e-06
06:27:17 INFO epoch 35 step 800/1401 loss 0.2562 lr 1.99e-06
06:27:29 INFO epoch 35 step 850/1401 loss 0.2504 lr 1.96e-06
06:27:42 INFO epoch 35 step 900/1401 loss 0.2543 lr 1.93e-06
06:27:54 INFO epoch 35 step 950/1401 loss 0.2416 lr 1.89e-06
06:28:06 INFO epoch 35 step 1000/1401 loss 0.2456 lr 1.86e-06
06:28:18 INFO epoch 35 step 1050/1401 loss 0.2533 lr 1.83e-06
06:28:31 INFO epoch 35 step 1100/1401 loss 0.2554 lr 1.80e-06
06:28:43 INFO epoch 35 step 1150/1401 loss 0.2568 lr 1.77e-06
06:28:55 INFO epoch 35 step 1200/1401 loss 0.2317 lr 1.74e-06
06:29:07 INFO epoch 35 step 1250/1401 loss 0.2377 lr 1.71e-06
06:29:19 INFO epoch 35 step 1300/1401 loss 0.2411 lr 1.68e-06
06:29:32 INFO epoch 35 step 1350/1401 loss 0.2568 lr 1.65e-06
